2022-05-29 14:59:55.205 INFO  [acme.Launcher@main] Starting Launcher using Java 1.8.0_281 on DESKTOP-CV0IB0H with PID 6980 (C:\Users\Pablo Marín Gómez\Desktop\Workspace-22.0\Frameworks\Acme-Framework-22.7\target\classes started by Pablo Mar¡n G¢mez in C:\Users\Pablo Marín Gómez\git\Acme-Toolkits-Control-Check) 
2022-05-29 14:59:55.207 DEBUG [acme.Launcher@main] Running with Spring Boot v2.4.2, Spring v5.3.3 
2022-05-29 14:59:55.208 INFO  [acme.Launcher@main] The following profiles are active: development,default 
2022-05-29 14:59:58.709 DEBUG [org.apache.jasper.servlet.JasperInitializer@main] Initializing Jasper for context [application] 
2022-05-29 15:00:05.467 DEBUG [org.apache.jasper.servlet.JspServlet@main] Scratch dir for the JSP engine is: [C:\Users\Pablo Marín Gómez\AppData\Local\Temp\tomcat.8080.5320357166092110194\work\Tomcat\localhost\acme-toolkits-22.7] 
2022-05-29 15:00:05.468 DEBUG [org.apache.jasper.servlet.JspServlet@main] IMPORTANT: Do not modify the generated servlets 
2022-05-29 15:00:05.485 INFO  [acme.Launcher@main] Started Launcher in 11.377 seconds (JVM running for 12.758) 
2022-05-29 15:00:05.492 DEBUG [acme.Launcher@main] Found classpath entry '/C:/Users/Pablo%20Mar%c3%adn%20G%c3%b3mez/git/Acme-Toolkits-Control-Check/target/test-classes/' 
2022-05-29 15:00:05.492 DEBUG [acme.Launcher@main] Found classpath entry '/C:/Users/Pablo%20Mar%c3%adn%20G%c3%b3mez/git/Acme-Toolkits-Control-Check/target/classes/' 
2022-05-29 15:00:05.492 DEBUG [acme.Launcher@main] Found classpath entry '/C:/Users/Pablo%20Mar%c3%adn%20G%c3%b3mez/git/Acme-Toolkits-Control-Check/lib/SpamDetector.jar' 
2022-05-29 15:00:05.492 DEBUG [acme.Launcher@main] Found classpath entry '/C:/Users/Pablo%20Mar%c3%adn%20G%c3%b3mez/Desktop/Workspace-22.0/Frameworks/Acme-Framework-22.7/target/classes/' 
2022-05-29 15:00:05.492 DEBUG [acme.Launcher@main] Found classpath entry '/C:/Users/Pablo%20Mar%c3%adn%20G%c3%b3mez/Desktop/Workspace-22.0/Frameworks/Acme-Framework-22.7/target/test-classes/' 
2022-05-29 15:00:05.492 DEBUG [acme.Launcher@main] Found classpath entry '/C:/Users/Pablo%20Mar%c3%adn%20G%c3%b3mez/.m2/repository/org/springframework/boot/spring-boot-starter-tomcat/2.4.2/spring-boot-starter-tomcat-2.4.2.jar' 
2022-05-29 15:00:05.492 DEBUG [acme.Launcher@main] Found classpath entry '/C:/Users/Pablo%20Mar%c3%adn%20G%c3%b3mez/.m2/repository/jakarta/annotation/jakarta.annotation-api/1.3.5/jakarta.annotation-api-1.3.5.jar' 
2022-05-29 15:00:05.492 DEBUG [acme.Launcher@main] Found classpath entry '/C:/Users/Pablo%20Mar%c3%adn%20G%c3%b3mez/.m2/repository/org/apache/tomcat/embed/tomcat-embed-core/9.0.41/tomcat-embed-core-9.0.41.jar' 
2022-05-29 15:00:05.492 DEBUG [acme.Launcher@main] Found classpath entry '/C:/Users/Pablo%20Mar%c3%adn%20G%c3%b3mez/.m2/repository/org/glassfish/jakarta.el/3.0.3/jakarta.el-3.0.3.jar' 
2022-05-29 15:00:05.492 DEBUG [acme.Launcher@main] Found classpath entry '/C:/Users/Pablo%20Mar%c3%adn%20G%c3%b3mez/.m2/repository/org/apache/tomcat/embed/tomcat-embed-websocket/9.0.41/tomcat-embed-websocket-9.0.41.jar' 
2022-05-29 15:00:05.493 DEBUG [acme.Launcher@main] Found classpath entry '/C:/Users/Pablo%20Mar%c3%adn%20G%c3%b3mez/.m2/repository/org/apache/tomcat/embed/tomcat-embed-jasper/9.0.41/tomcat-embed-jasper-9.0.41.jar' 
2022-05-29 15:00:05.493 DEBUG [acme.Launcher@main] Found classpath entry '/C:/Users/Pablo%20Mar%c3%adn%20G%c3%b3mez/.m2/repository/org/apache/tomcat/embed/tomcat-embed-el/9.0.41/tomcat-embed-el-9.0.41.jar' 
2022-05-29 15:00:05.493 DEBUG [acme.Launcher@main] Found classpath entry '/C:/Users/Pablo%20Mar%c3%adn%20G%c3%b3mez/.m2/repository/org/eclipse/jdt/ecj/3.18.0/ecj-3.18.0.jar' 
2022-05-29 15:00:05.494 DEBUG [acme.Launcher@main] Found classpath entry '/C:/Users/Pablo%20Mar%c3%adn%20G%c3%b3mez/.m2/repository/javax/servlet/jstl/1.2/jstl-1.2.jar' 
2022-05-29 15:00:05.495 DEBUG [acme.Launcher@main] Found classpath entry '/C:/Users/Pablo%20Mar%c3%adn%20G%c3%b3mez/.m2/repository/org/springframework/boot/spring-boot-starter-security/2.4.2/spring-boot-starter-security-2.4.2.jar' 
2022-05-29 15:00:05.495 DEBUG [acme.Launcher@main] Found classpath entry '/C:/Users/Pablo%20Mar%c3%adn%20G%c3%b3mez/.m2/repository/org/springframework/boot/spring-boot-starter/2.4.2/spring-boot-starter-2.4.2.jar' 
2022-05-29 15:00:05.495 DEBUG [acme.Launcher@main] Found classpath entry '/C:/Users/Pablo%20Mar%c3%adn%20G%c3%b3mez/.m2/repository/org/springframework/boot/spring-boot/2.4.2/spring-boot-2.4.2.jar' 
2022-05-29 15:00:05.495 DEBUG [acme.Launcher@main] Found classpath entry '/C:/Users/Pablo%20Mar%c3%adn%20G%c3%b3mez/.m2/repository/org/springframework/boot/spring-boot-autoconfigure/2.4.2/spring-boot-autoconfigure-2.4.2.jar' 
2022-05-29 15:00:05.495 DEBUG [acme.Launcher@main] Found classpath entry '/C:/Users/Pablo%20Mar%c3%adn%20G%c3%b3mez/.m2/repository/org/springframework/boot/spring-boot-starter-logging/2.4.2/spring-boot-starter-logging-2.4.2.jar' 
2022-05-29 15:00:05.495 DEBUG [acme.Launcher@main] Found classpath entry '/C:/Users/Pablo%20Mar%c3%adn%20G%c3%b3mez/.m2/repository/ch/qos/logback/logback-classic/1.2.3/logback-classic-1.2.3.jar' 
2022-05-29 15:00:05.495 DEBUG [acme.Launcher@main] Found classpath entry '/C:/Users/Pablo%20Mar%c3%adn%20G%c3%b3mez/.m2/repository/ch/qos/logback/logback-core/1.2.3/logback-core-1.2.3.jar' 
2022-05-29 15:00:05.495 DEBUG [acme.Launcher@main] Found classpath entry '/C:/Users/Pablo%20Mar%c3%adn%20G%c3%b3mez/.m2/repository/org/apache/logging/log4j/log4j-to-slf4j/2.13.3/log4j-to-slf4j-2.13.3.jar' 
2022-05-29 15:00:05.495 DEBUG [acme.Launcher@main] Found classpath entry '/C:/Users/Pablo%20Mar%c3%adn%20G%c3%b3mez/.m2/repository/org/apache/logging/log4j/log4j-api/2.13.3/log4j-api-2.13.3.jar' 
2022-05-29 15:00:05.495 DEBUG [acme.Launcher@main] Found classpath entry '/C:/Users/Pablo%20Mar%c3%adn%20G%c3%b3mez/.m2/repository/org/slf4j/jul-to-slf4j/1.7.30/jul-to-slf4j-1.7.30.jar' 
2022-05-29 15:00:05.496 DEBUG [acme.Launcher@main] Found classpath entry '/C:/Users/Pablo%20Mar%c3%adn%20G%c3%b3mez/.m2/repository/org/yaml/snakeyaml/1.27/snakeyaml-1.27.jar' 
2022-05-29 15:00:05.496 DEBUG [acme.Launcher@main] Found classpath entry '/C:/Users/Pablo%20Mar%c3%adn%20G%c3%b3mez/.m2/repository/org/springframework/spring-aop/5.3.3/spring-aop-5.3.3.jar' 
2022-05-29 15:00:05.496 DEBUG [acme.Launcher@main] Found classpath entry '/C:/Users/Pablo%20Mar%c3%adn%20G%c3%b3mez/.m2/repository/org/springframework/security/spring-security-web/5.4.2/spring-security-web-5.4.2.jar' 
2022-05-29 15:00:05.496 DEBUG [acme.Launcher@main] Found classpath entry '/C:/Users/Pablo%20Mar%c3%adn%20G%c3%b3mez/.m2/repository/org/springframework/security/spring-security-core/5.4.2/spring-security-core-5.4.2.jar' 
2022-05-29 15:00:05.496 DEBUG [acme.Launcher@main] Found classpath entry '/C:/Users/Pablo%20Mar%c3%adn%20G%c3%b3mez/.m2/repository/org/springframework/spring-beans/5.3.3/spring-beans-5.3.3.jar' 
2022-05-29 15:00:05.496 DEBUG [acme.Launcher@main] Found classpath entry '/C:/Users/Pablo%20Mar%c3%adn%20G%c3%b3mez/.m2/repository/org/springframework/spring-context/5.3.3/spring-context-5.3.3.jar' 
2022-05-29 15:00:05.496 DEBUG [acme.Launcher@main] Found classpath entry '/C:/Users/Pablo%20Mar%c3%adn%20G%c3%b3mez/.m2/repository/org/springframework/spring-core/5.3.3/spring-core-5.3.3.jar' 
2022-05-29 15:00:05.496 DEBUG [acme.Launcher@main] Found classpath entry '/C:/Users/Pablo%20Mar%c3%adn%20G%c3%b3mez/.m2/repository/org/springframework/spring-jcl/5.3.3/spring-jcl-5.3.3.jar' 
2022-05-29 15:00:05.497 DEBUG [acme.Launcher@main] Found classpath entry '/C:/Users/Pablo%20Mar%c3%adn%20G%c3%b3mez/.m2/repository/org/springframework/spring-expression/5.3.3/spring-expression-5.3.3.jar' 
2022-05-29 15:00:05.497 DEBUG [acme.Launcher@main] Found classpath entry '/C:/Users/Pablo%20Mar%c3%adn%20G%c3%b3mez/.m2/repository/org/springframework/spring-web/5.3.3/spring-web-5.3.3.jar' 
2022-05-29 15:00:05.497 DEBUG [acme.Launcher@main] Found classpath entry '/C:/Users/Pablo%20Mar%c3%adn%20G%c3%b3mez/.m2/repository/org/springframework/security/spring-security-config/5.4.2/spring-security-config-5.4.2.jar' 
2022-05-29 15:00:05.497 DEBUG [acme.Launcher@main] Found classpath entry '/C:/Users/Pablo%20Mar%c3%adn%20G%c3%b3mez/.m2/repository/org/springframework/security/spring-security-taglibs/5.4.2/spring-security-taglibs-5.4.2.jar' 
2022-05-29 15:00:05.497 DEBUG [acme.Launcher@main] Found classpath entry '/C:/Users/Pablo%20Mar%c3%adn%20G%c3%b3mez/.m2/repository/org/springframework/security/spring-security-acl/5.4.2/spring-security-acl-5.4.2.jar' 
2022-05-29 15:00:05.497 DEBUG [acme.Launcher@main] Found classpath entry '/C:/Users/Pablo%20Mar%c3%adn%20G%c3%b3mez/.m2/repository/org/springframework/spring-jdbc/5.3.3/spring-jdbc-5.3.3.jar' 
2022-05-29 15:00:05.497 DEBUG [acme.Launcher@main] Found classpath entry '/C:/Users/Pablo%20Mar%c3%adn%20G%c3%b3mez/.m2/repository/org/springframework/spring-tx/5.3.3/spring-tx-5.3.3.jar' 
2022-05-29 15:00:05.498 DEBUG [acme.Launcher@main] Found classpath entry '/C:/Users/Pablo%20Mar%c3%adn%20G%c3%b3mez/.m2/repository/org/springframework/boot/spring-boot-starter-web/2.4.2/spring-boot-starter-web-2.4.2.jar' 
2022-05-29 15:00:05.498 DEBUG [acme.Launcher@main] Found classpath entry '/C:/Users/Pablo%20Mar%c3%adn%20G%c3%b3mez/.m2/repository/org/springframework/boot/spring-boot-starter-json/2.4.2/spring-boot-starter-json-2.4.2.jar' 
2022-05-29 15:00:05.498 DEBUG [acme.Launcher@main] Found classpath entry '/C:/Users/Pablo%20Mar%c3%adn%20G%c3%b3mez/.m2/repository/com/fasterxml/jackson/core/jackson-databind/2.11.4/jackson-databind-2.11.4.jar' 
2022-05-29 15:00:05.498 DEBUG [acme.Launcher@main] Found classpath entry '/C:/Users/Pablo%20Mar%c3%adn%20G%c3%b3mez/.m2/repository/com/fasterxml/jackson/core/jackson-annotations/2.11.4/jackson-annotations-2.11.4.jar' 
2022-05-29 15:00:05.498 DEBUG [acme.Launcher@main] Found classpath entry '/C:/Users/Pablo%20Mar%c3%adn%20G%c3%b3mez/.m2/repository/com/fasterxml/jackson/core/jackson-core/2.11.4/jackson-core-2.11.4.jar' 
2022-05-29 15:00:05.498 DEBUG [acme.Launcher@main] Found classpath entry '/C:/Users/Pablo%20Mar%c3%adn%20G%c3%b3mez/.m2/repository/com/fasterxml/jackson/datatype/jackson-datatype-jdk8/2.11.4/jackson-datatype-jdk8-2.11.4.jar' 
2022-05-29 15:00:05.498 DEBUG [acme.Launcher@main] Found classpath entry '/C:/Users/Pablo%20Mar%c3%adn%20G%c3%b3mez/.m2/repository/com/fasterxml/jackson/datatype/jackson-datatype-jsr310/2.11.4/jackson-datatype-jsr310-2.11.4.jar' 
2022-05-29 15:00:05.498 DEBUG [acme.Launcher@main] Found classpath entry '/C:/Users/Pablo%20Mar%c3%adn%20G%c3%b3mez/.m2/repository/com/fasterxml/jackson/module/jackson-module-parameter-names/2.11.4/jackson-module-parameter-names-2.11.4.jar' 
2022-05-29 15:00:05.499 DEBUG [acme.Launcher@main] Found classpath entry '/C:/Users/Pablo%20Mar%c3%adn%20G%c3%b3mez/.m2/repository/org/springframework/spring-webmvc/5.3.3/spring-webmvc-5.3.3.jar' 
2022-05-29 15:00:05.499 DEBUG [acme.Launcher@main] Found classpath entry '/C:/Users/Pablo%20Mar%c3%adn%20G%c3%b3mez/.m2/repository/org/apache/tiles/tiles-jsp/3.0.8/tiles-jsp-3.0.8.jar' 
2022-05-29 15:00:05.499 DEBUG [acme.Launcher@main] Found classpath entry '/C:/Users/Pablo%20Mar%c3%adn%20G%c3%b3mez/.m2/repository/org/apache/tiles/tiles-servlet/3.0.8/tiles-servlet-3.0.8.jar' 
2022-05-29 15:00:05.499 DEBUG [acme.Launcher@main] Found classpath entry '/C:/Users/Pablo%20Mar%c3%adn%20G%c3%b3mez/.m2/repository/org/apache/tiles/tiles-core/3.0.8/tiles-core-3.0.8.jar' 
2022-05-29 15:00:05.500 DEBUG [acme.Launcher@main] Found classpath entry '/C:/Users/Pablo%20Mar%c3%adn%20G%c3%b3mez/.m2/repository/commons-digester/commons-digester/2.0/commons-digester-2.0.jar' 
2022-05-29 15:00:05.500 DEBUG [acme.Launcher@main] Found classpath entry '/C:/Users/Pablo%20Mar%c3%adn%20G%c3%b3mez/.m2/repository/org/slf4j/jcl-over-slf4j/1.7.30/jcl-over-slf4j-1.7.30.jar' 
2022-05-29 15:00:05.500 DEBUG [acme.Launcher@main] Found classpath entry '/C:/Users/Pablo%20Mar%c3%adn%20G%c3%b3mez/.m2/repository/org/apache/tiles/tiles-request-servlet/1.0.7/tiles-request-servlet-1.0.7.jar' 
2022-05-29 15:00:05.500 DEBUG [acme.Launcher@main] Found classpath entry '/C:/Users/Pablo%20Mar%c3%adn%20G%c3%b3mez/.m2/repository/org/apache/tiles/tiles-template/3.0.8/tiles-template-3.0.8.jar' 
2022-05-29 15:00:05.500 DEBUG [acme.Launcher@main] Found classpath entry '/C:/Users/Pablo%20Mar%c3%adn%20G%c3%b3mez/.m2/repository/org/apache/tiles/tiles-api/3.0.8/tiles-api-3.0.8.jar' 
2022-05-29 15:00:05.500 DEBUG [acme.Launcher@main] Found classpath entry '/C:/Users/Pablo%20Mar%c3%adn%20G%c3%b3mez/.m2/repository/org/apache/tiles/tiles-autotag-core-runtime/1.2/tiles-autotag-core-runtime-1.2.jar' 
2022-05-29 15:00:05.500 DEBUG [acme.Launcher@main] Found classpath entry '/C:/Users/Pablo%20Mar%c3%adn%20G%c3%b3mez/.m2/repository/org/slf4j/slf4j-api/1.7.30/slf4j-api-1.7.30.jar' 
2022-05-29 15:00:05.500 DEBUG [acme.Launcher@main] Found classpath entry '/C:/Users/Pablo%20Mar%c3%adn%20G%c3%b3mez/.m2/repository/org/apache/tiles/tiles-request-jsp/1.0.7/tiles-request-jsp-1.0.7.jar' 
2022-05-29 15:00:05.500 DEBUG [acme.Launcher@main] Found classpath entry '/C:/Users/Pablo%20Mar%c3%adn%20G%c3%b3mez/.m2/repository/org/apache/tiles/tiles-request-api/1.0.7/tiles-request-api-1.0.7.jar' 
2022-05-29 15:00:05.501 DEBUG [acme.Launcher@main] Found classpath entry '/C:/Users/Pablo%20Mar%c3%adn%20G%c3%b3mez/.m2/repository/org/springframework/boot/spring-boot-starter-data-jpa/2.4.2/spring-boot-starter-data-jpa-2.4.2.jar' 
2022-05-29 15:00:05.501 DEBUG [acme.Launcher@main] Found classpath entry '/C:/Users/Pablo%20Mar%c3%adn%20G%c3%b3mez/.m2/repository/org/springframework/boot/spring-boot-starter-aop/2.4.2/spring-boot-starter-aop-2.4.2.jar' 
2022-05-29 15:00:05.501 DEBUG [acme.Launcher@main] Found classpath entry '/C:/Users/Pablo%20Mar%c3%adn%20G%c3%b3mez/.m2/repository/org/aspectj/aspectjweaver/1.9.6/aspectjweaver-1.9.6.jar' 
2022-05-29 15:00:05.501 DEBUG [acme.Launcher@main] Found classpath entry '/C:/Users/Pablo%20Mar%c3%adn%20G%c3%b3mez/.m2/repository/org/springframework/boot/spring-boot-starter-jdbc/2.4.2/spring-boot-starter-jdbc-2.4.2.jar' 
2022-05-29 15:00:05.501 DEBUG [acme.Launcher@main] Found classpath entry '/C:/Users/Pablo%20Mar%c3%adn%20G%c3%b3mez/.m2/repository/jakarta/transaction/jakarta.transaction-api/1.3.3/jakarta.transaction-api-1.3.3.jar' 
2022-05-29 15:00:05.502 DEBUG [acme.Launcher@main] Found classpath entry '/C:/Users/Pablo%20Mar%c3%adn%20G%c3%b3mez/.m2/repository/jakarta/persistence/jakarta.persistence-api/2.2.3/jakarta.persistence-api-2.2.3.jar' 
2022-05-29 15:00:05.502 DEBUG [acme.Launcher@main] Found classpath entry '/C:/Users/Pablo%20Mar%c3%adn%20G%c3%b3mez/.m2/repository/org/hibernate/hibernate-core/5.4.27.Final/hibernate-core-5.4.27.Final.jar' 
2022-05-29 15:00:05.502 DEBUG [acme.Launcher@main] Found classpath entry '/C:/Users/Pablo%20Mar%c3%adn%20G%c3%b3mez/.m2/repository/org/jboss/logging/jboss-logging/3.4.1.Final/jboss-logging-3.4.1.Final.jar' 
2022-05-29 15:00:05.502 DEBUG [acme.Launcher@main] Found classpath entry '/C:/Users/Pablo%20Mar%c3%adn%20G%c3%b3mez/.m2/repository/org/javassist/javassist/3.27.0-GA/javassist-3.27.0-GA.jar' 
2022-05-29 15:00:05.502 DEBUG [acme.Launcher@main] Found classpath entry '/C:/Users/Pablo%20Mar%c3%adn%20G%c3%b3mez/.m2/repository/antlr/antlr/2.7.7/antlr-2.7.7.jar' 
2022-05-29 15:00:05.502 DEBUG [acme.Launcher@main] Found classpath entry '/C:/Users/Pablo%20Mar%c3%adn%20G%c3%b3mez/.m2/repository/org/jboss/jandex/2.1.3.Final/jandex-2.1.3.Final.jar' 
2022-05-29 15:00:05.502 DEBUG [acme.Launcher@main] Found classpath entry '/C:/Users/Pablo%20Mar%c3%adn%20G%c3%b3mez/.m2/repository/com/fasterxml/classmate/1.5.1/classmate-1.5.1.jar' 
2022-05-29 15:00:05.503 DEBUG [acme.Launcher@main] Found classpath entry '/C:/Users/Pablo%20Mar%c3%adn%20G%c3%b3mez/.m2/repository/org/dom4j/dom4j/2.1.3/dom4j-2.1.3.jar' 
2022-05-29 15:00:05.503 DEBUG [acme.Launcher@main] Found classpath entry '/C:/Users/Pablo%20Mar%c3%adn%20G%c3%b3mez/.m2/repository/org/hibernate/common/hibernate-commons-annotations/5.1.2.Final/hibernate-commons-annotations-5.1.2.Final.jar' 
2022-05-29 15:00:05.503 DEBUG [acme.Launcher@main] Found classpath entry '/C:/Users/Pablo%20Mar%c3%adn%20G%c3%b3mez/.m2/repository/org/glassfish/jaxb/jaxb-runtime/2.3.3/jaxb-runtime-2.3.3.jar' 
2022-05-29 15:00:05.503 DEBUG [acme.Launcher@main] Found classpath entry '/C:/Users/Pablo%20Mar%c3%adn%20G%c3%b3mez/.m2/repository/org/glassfish/jaxb/txw2/2.3.3/txw2-2.3.3.jar' 
2022-05-29 15:00:05.503 DEBUG [acme.Launcher@main] Found classpath entry '/C:/Users/Pablo%20Mar%c3%adn%20G%c3%b3mez/.m2/repository/com/sun/istack/istack-commons-runtime/3.0.11/istack-commons-runtime-3.0.11.jar' 
2022-05-29 15:00:05.503 DEBUG [acme.Launcher@main] Found classpath entry '/C:/Users/Pablo%20Mar%c3%adn%20G%c3%b3mez/.m2/repository/com/sun/activation/jakarta.activation/1.2.2/jakarta.activation-1.2.2.jar' 
2022-05-29 15:00:05.503 DEBUG [acme.Launcher@main] Found classpath entry '/C:/Users/Pablo%20Mar%c3%adn%20G%c3%b3mez/.m2/repository/org/springframework/data/spring-data-jpa/2.4.3/spring-data-jpa-2.4.3.jar' 
2022-05-29 15:00:05.504 DEBUG [acme.Launcher@main] Found classpath entry '/C:/Users/Pablo%20Mar%c3%adn%20G%c3%b3mez/.m2/repository/org/springframework/data/spring-data-commons/2.4.3/spring-data-commons-2.4.3.jar' 
2022-05-29 15:00:05.504 DEBUG [acme.Launcher@main] Found classpath entry '/C:/Users/Pablo%20Mar%c3%adn%20G%c3%b3mez/.m2/repository/org/springframework/spring-orm/5.3.3/spring-orm-5.3.3.jar' 
2022-05-29 15:00:05.504 DEBUG [acme.Launcher@main] Found classpath entry '/C:/Users/Pablo%20Mar%c3%adn%20G%c3%b3mez/.m2/repository/org/springframework/spring-aspects/5.3.3/spring-aspects-5.3.3.jar' 
2022-05-29 15:00:05.504 DEBUG [acme.Launcher@main] Found classpath entry '/C:/Users/Pablo%20Mar%c3%adn%20G%c3%b3mez/.m2/repository/org/springframework/boot/spring-boot-starter-validation/2.4.2/spring-boot-starter-validation-2.4.2.jar' 
2022-05-29 15:00:05.504 DEBUG [acme.Launcher@main] Found classpath entry '/C:/Users/Pablo%20Mar%c3%adn%20G%c3%b3mez/.m2/repository/org/hibernate/validator/hibernate-validator/6.1.7.Final/hibernate-validator-6.1.7.Final.jar' 
2022-05-29 15:00:05.504 DEBUG [acme.Launcher@main] Found classpath entry '/C:/Users/Pablo%20Mar%c3%adn%20G%c3%b3mez/.m2/repository/jakarta/validation/jakarta.validation-api/2.0.2/jakarta.validation-api-2.0.2.jar' 
2022-05-29 15:00:05.504 DEBUG [acme.Launcher@main] Found classpath entry '/C:/Users/Pablo%20Mar%c3%adn%20G%c3%b3mez/.m2/repository/mysql/mysql-connector-java/8.0.22/mysql-connector-java-8.0.22.jar' 
2022-05-29 15:00:05.505 DEBUG [acme.Launcher@main] Found classpath entry '/C:/Users/Pablo%20Mar%c3%adn%20G%c3%b3mez/.m2/repository/com/zaxxer/HikariCP/3.4.5/HikariCP-3.4.5.jar' 
2022-05-29 15:00:05.505 DEBUG [acme.Launcher@main] Found classpath entry '/C:/Users/Pablo%20Mar%c3%adn%20G%c3%b3mez/.m2/repository/org/springframework/boot/spring-boot-starter-test/2.4.2/spring-boot-starter-test-2.4.2.jar' 
2022-05-29 15:00:05.505 DEBUG [acme.Launcher@main] Found classpath entry '/C:/Users/Pablo%20Mar%c3%adn%20G%c3%b3mez/.m2/repository/org/springframework/boot/spring-boot-test/2.4.2/spring-boot-test-2.4.2.jar' 
2022-05-29 15:00:05.505 DEBUG [acme.Launcher@main] Found classpath entry '/C:/Users/Pablo%20Mar%c3%adn%20G%c3%b3mez/.m2/repository/org/springframework/boot/spring-boot-test-autoconfigure/2.4.2/spring-boot-test-autoconfigure-2.4.2.jar' 
2022-05-29 15:00:05.505 DEBUG [acme.Launcher@main] Found classpath entry '/C:/Users/Pablo%20Mar%c3%adn%20G%c3%b3mez/.m2/repository/com/jayway/jsonpath/json-path/2.4.0/json-path-2.4.0.jar' 
2022-05-29 15:00:05.505 DEBUG [acme.Launcher@main] Found classpath entry '/C:/Users/Pablo%20Mar%c3%adn%20G%c3%b3mez/.m2/repository/net/minidev/json-smart/2.3/json-smart-2.3.jar' 
2022-05-29 15:00:05.505 DEBUG [acme.Launcher@main] Found classpath entry '/C:/Users/Pablo%20Mar%c3%adn%20G%c3%b3mez/.m2/repository/net/minidev/accessors-smart/1.2/accessors-smart-1.2.jar' 
2022-05-29 15:00:05.505 DEBUG [acme.Launcher@main] Found classpath entry '/C:/Users/Pablo%20Mar%c3%adn%20G%c3%b3mez/.m2/repository/org/ow2/asm/asm/5.0.4/asm-5.0.4.jar' 
2022-05-29 15:00:05.506 DEBUG [acme.Launcher@main] Found classpath entry '/C:/Users/Pablo%20Mar%c3%adn%20G%c3%b3mez/.m2/repository/jakarta/xml/bind/jakarta.xml.bind-api/2.3.3/jakarta.xml.bind-api-2.3.3.jar' 
2022-05-29 15:00:05.506 DEBUG [acme.Launcher@main] Found classpath entry '/C:/Users/Pablo%20Mar%c3%adn%20G%c3%b3mez/.m2/repository/jakarta/activation/jakarta.activation-api/1.2.2/jakarta.activation-api-1.2.2.jar' 
2022-05-29 15:00:05.506 DEBUG [acme.Launcher@main] Found classpath entry '/C:/Users/Pablo%20Mar%c3%adn%20G%c3%b3mez/.m2/repository/org/assertj/assertj-core/3.18.1/assertj-core-3.18.1.jar' 
2022-05-29 15:00:05.506 DEBUG [acme.Launcher@main] Found classpath entry '/C:/Users/Pablo%20Mar%c3%adn%20G%c3%b3mez/.m2/repository/org/hamcrest/hamcrest/2.2/hamcrest-2.2.jar' 
2022-05-29 15:00:05.506 DEBUG [acme.Launcher@main] Found classpath entry '/C:/Users/Pablo%20Mar%c3%adn%20G%c3%b3mez/.m2/repository/org/junit/jupiter/junit-jupiter/5.7.0/junit-jupiter-5.7.0.jar' 
2022-05-29 15:00:05.506 DEBUG [acme.Launcher@main] Found classpath entry '/C:/Users/Pablo%20Mar%c3%adn%20G%c3%b3mez/.m2/repository/org/mockito/mockito-core/3.6.28/mockito-core-3.6.28.jar' 
2022-05-29 15:00:05.506 DEBUG [acme.Launcher@main] Found classpath entry '/C:/Users/Pablo%20Mar%c3%adn%20G%c3%b3mez/.m2/repository/net/bytebuddy/byte-buddy-agent/1.10.19/byte-buddy-agent-1.10.19.jar' 
2022-05-29 15:00:05.506 DEBUG [acme.Launcher@main] Found classpath entry '/C:/Users/Pablo%20Mar%c3%adn%20G%c3%b3mez/.m2/repository/org/objenesis/objenesis/3.1/objenesis-3.1.jar' 
2022-05-29 15:00:05.507 DEBUG [acme.Launcher@main] Found classpath entry '/C:/Users/Pablo%20Mar%c3%adn%20G%c3%b3mez/.m2/repository/org/mockito/mockito-junit-jupiter/3.6.28/mockito-junit-jupiter-3.6.28.jar' 
2022-05-29 15:00:05.507 DEBUG [acme.Launcher@main] Found classpath entry '/C:/Users/Pablo%20Mar%c3%adn%20G%c3%b3mez/.m2/repository/org/skyscreamer/jsonassert/1.5.0/jsonassert-1.5.0.jar' 
2022-05-29 15:00:05.507 DEBUG [acme.Launcher@main] Found classpath entry '/C:/Users/Pablo%20Mar%c3%adn%20G%c3%b3mez/.m2/repository/com/vaadin/external/google/android-json/0.0.20131108.vaadin1/android-json-0.0.20131108.vaadin1.jar' 
2022-05-29 15:00:05.507 DEBUG [acme.Launcher@main] Found classpath entry '/C:/Users/Pablo%20Mar%c3%adn%20G%c3%b3mez/.m2/repository/org/springframework/spring-test/5.3.3/spring-test-5.3.3.jar' 
2022-05-29 15:00:05.508 DEBUG [acme.Launcher@main] Found classpath entry '/C:/Users/Pablo%20Mar%c3%adn%20G%c3%b3mez/.m2/repository/org/xmlunit/xmlunit-core/2.7.0/xmlunit-core-2.7.0.jar' 
2022-05-29 15:00:05.508 DEBUG [acme.Launcher@main] Found classpath entry '/C:/Users/Pablo%20Mar%c3%adn%20G%c3%b3mez/.m2/repository/org/junit/jupiter/junit-jupiter-engine/5.7.0/junit-jupiter-engine-5.7.0.jar' 
2022-05-29 15:00:05.508 DEBUG [acme.Launcher@main] Found classpath entry '/C:/Users/Pablo%20Mar%c3%adn%20G%c3%b3mez/.m2/repository/org/apiguardian/apiguardian-api/1.1.0/apiguardian-api-1.1.0.jar' 
2022-05-29 15:00:05.508 DEBUG [acme.Launcher@main] Found classpath entry '/C:/Users/Pablo%20Mar%c3%adn%20G%c3%b3mez/.m2/repository/org/junit/platform/junit-platform-engine/1.7.0/junit-platform-engine-1.7.0.jar' 
2022-05-29 15:00:05.508 DEBUG [acme.Launcher@main] Found classpath entry '/C:/Users/Pablo%20Mar%c3%adn%20G%c3%b3mez/.m2/repository/org/junit/jupiter/junit-jupiter-api/5.7.0/junit-jupiter-api-5.7.0.jar' 
2022-05-29 15:00:05.508 DEBUG [acme.Launcher@main] Found classpath entry '/C:/Users/Pablo%20Mar%c3%adn%20G%c3%b3mez/.m2/repository/org/opentest4j/opentest4j/1.2.0/opentest4j-1.2.0.jar' 
2022-05-29 15:00:05.508 DEBUG [acme.Launcher@main] Found classpath entry '/C:/Users/Pablo%20Mar%c3%adn%20G%c3%b3mez/.m2/repository/org/junit/platform/junit-platform-commons/1.7.0/junit-platform-commons-1.7.0.jar' 
2022-05-29 15:00:05.508 DEBUG [acme.Launcher@main] Found classpath entry '/C:/Users/Pablo%20Mar%c3%adn%20G%c3%b3mez/.m2/repository/org/junit/jupiter/junit-jupiter-params/5.7.0/junit-jupiter-params-5.7.0.jar' 
2022-05-29 15:00:05.508 DEBUG [acme.Launcher@main] Found classpath entry '/C:/Users/Pablo%20Mar%c3%adn%20G%c3%b3mez/.m2/repository/org/junit/platform/junit-platform-launcher/1.7.0/junit-platform-launcher-1.7.0.jar' 
2022-05-29 15:00:05.509 DEBUG [acme.Launcher@main] Found classpath entry '/C:/Users/Pablo%20Mar%c3%adn%20G%c3%b3mez/.m2/repository/org/seleniumhq/selenium/selenium-java/3.141.59/selenium-java-3.141.59.jar' 
2022-05-29 15:00:05.509 DEBUG [acme.Launcher@main] Found classpath entry '/C:/Users/Pablo%20Mar%c3%adn%20G%c3%b3mez/.m2/repository/org/seleniumhq/selenium/selenium-api/3.141.59/selenium-api-3.141.59.jar' 
2022-05-29 15:00:05.509 DEBUG [acme.Launcher@main] Found classpath entry '/C:/Users/Pablo%20Mar%c3%adn%20G%c3%b3mez/.m2/repository/org/seleniumhq/selenium/selenium-chrome-driver/3.141.59/selenium-chrome-driver-3.141.59.jar' 
2022-05-29 15:00:05.509 DEBUG [acme.Launcher@main] Found classpath entry '/C:/Users/Pablo%20Mar%c3%adn%20G%c3%b3mez/.m2/repository/org/seleniumhq/selenium/selenium-edge-driver/3.141.59/selenium-edge-driver-3.141.59.jar' 
2022-05-29 15:00:05.509 DEBUG [acme.Launcher@main] Found classpath entry '/C:/Users/Pablo%20Mar%c3%adn%20G%c3%b3mez/.m2/repository/org/seleniumhq/selenium/selenium-firefox-driver/3.141.59/selenium-firefox-driver-3.141.59.jar' 
2022-05-29 15:00:05.509 DEBUG [acme.Launcher@main] Found classpath entry '/C:/Users/Pablo%20Mar%c3%adn%20G%c3%b3mez/.m2/repository/org/seleniumhq/selenium/selenium-ie-driver/3.141.59/selenium-ie-driver-3.141.59.jar' 
2022-05-29 15:00:05.509 DEBUG [acme.Launcher@main] Found classpath entry '/C:/Users/Pablo%20Mar%c3%adn%20G%c3%b3mez/.m2/repository/org/seleniumhq/selenium/selenium-opera-driver/3.141.59/selenium-opera-driver-3.141.59.jar' 
2022-05-29 15:00:05.509 DEBUG [acme.Launcher@main] Found classpath entry '/C:/Users/Pablo%20Mar%c3%adn%20G%c3%b3mez/.m2/repository/org/seleniumhq/selenium/selenium-remote-driver/3.141.59/selenium-remote-driver-3.141.59.jar' 
2022-05-29 15:00:05.509 DEBUG [acme.Launcher@main] Found classpath entry '/C:/Users/Pablo%20Mar%c3%adn%20G%c3%b3mez/.m2/repository/org/seleniumhq/selenium/selenium-safari-driver/3.141.59/selenium-safari-driver-3.141.59.jar' 
2022-05-29 15:00:05.509 DEBUG [acme.Launcher@main] Found classpath entry '/C:/Users/Pablo%20Mar%c3%adn%20G%c3%b3mez/.m2/repository/org/seleniumhq/selenium/selenium-support/3.141.59/selenium-support-3.141.59.jar' 
2022-05-29 15:00:05.510 DEBUG [acme.Launcher@main] Found classpath entry '/C:/Users/Pablo%20Mar%c3%adn%20G%c3%b3mez/.m2/repository/net/bytebuddy/byte-buddy/1.10.19/byte-buddy-1.10.19.jar' 
2022-05-29 15:00:05.510 DEBUG [acme.Launcher@main] Found classpath entry '/C:/Users/Pablo%20Mar%c3%adn%20G%c3%b3mez/.m2/repository/org/apache/commons/commons-exec/1.3/commons-exec-1.3.jar' 
2022-05-29 15:00:05.510 DEBUG [acme.Launcher@main] Found classpath entry '/C:/Users/Pablo%20Mar%c3%adn%20G%c3%b3mez/.m2/repository/com/google/guava/guava/25.0-jre/guava-25.0-jre.jar' 
2022-05-29 15:00:05.510 DEBUG [acme.Launcher@main] Found classpath entry '/C:/Users/Pablo%20Mar%c3%adn%20G%c3%b3mez/.m2/repository/com/google/code/findbugs/jsr305/1.3.9/jsr305-1.3.9.jar' 
2022-05-29 15:00:05.510 DEBUG [acme.Launcher@main] Found classpath entry '/C:/Users/Pablo%20Mar%c3%adn%20G%c3%b3mez/.m2/repository/org/checkerframework/checker-compat-qual/2.0.0/checker-compat-qual-2.0.0.jar' 
2022-05-29 15:00:05.510 DEBUG [acme.Launcher@main] Found classpath entry '/C:/Users/Pablo%20Mar%c3%adn%20G%c3%b3mez/.m2/repository/com/google/errorprone/error_prone_annotations/2.1.3/error_prone_annotations-2.1.3.jar' 
2022-05-29 15:00:05.510 DEBUG [acme.Launcher@main] Found classpath entry '/C:/Users/Pablo%20Mar%c3%adn%20G%c3%b3mez/.m2/repository/com/google/j2objc/j2objc-annotations/1.1/j2objc-annotations-1.1.jar' 
2022-05-29 15:00:05.510 DEBUG [acme.Launcher@main] Found classpath entry '/C:/Users/Pablo%20Mar%c3%adn%20G%c3%b3mez/.m2/repository/org/codehaus/mojo/animal-sniffer-annotations/1.14/animal-sniffer-annotations-1.14.jar' 
2022-05-29 15:00:05.511 DEBUG [acme.Launcher@main] Found classpath entry '/C:/Users/Pablo%20Mar%c3%adn%20G%c3%b3mez/.m2/repository/com/squareup/okhttp3/okhttp/3.14.9/okhttp-3.14.9.jar' 
2022-05-29 15:00:05.511 DEBUG [acme.Launcher@main] Found classpath entry '/C:/Users/Pablo%20Mar%c3%adn%20G%c3%b3mez/.m2/repository/com/squareup/okio/okio/1.14.0/okio-1.14.0.jar' 
2022-05-29 15:00:05.511 DEBUG [acme.Launcher@main] Found classpath entry '/C:/Users/Pablo%20Mar%c3%adn%20G%c3%b3mez/.m2/repository/org/apache/commons/commons-lang3/3.11/commons-lang3-3.11.jar' 
2022-05-29 15:00:05.511 DEBUG [acme.Launcher@main] Found classpath entry '/C:/Users/Pablo%20Mar%c3%adn%20G%c3%b3mez/.m2/repository/org/apache/commons/commons-text/1.8/commons-text-1.8.jar' 
2022-05-29 15:00:05.511 DEBUG [acme.Launcher@main] Found classpath entry '/C:/Users/Pablo%20Mar%c3%adn%20G%c3%b3mez/.m2/repository/commons-io/commons-io/2.6/commons-io-2.6.jar' 
2022-05-29 15:00:05.511 DEBUG [acme.Launcher@main] Found classpath entry '/C:/Users/Pablo%20Mar%c3%adn%20G%c3%b3mez/.m2/repository/commons-cli/commons-cli/1.4/commons-cli-1.4.jar' 
2022-05-29 15:00:05.511 DEBUG [acme.Launcher@main] Found classpath entry '/C:/Users/Pablo%20Mar%c3%adn%20G%c3%b3mez/.m2/repository/org/projectlombok/lombok/1.18.16/lombok-1.18.16.jar' 
2022-05-29 15:00:05.511 DEBUG [acme.Launcher@main] Found classpath entry '/C:/Users/Pablo%20Mar%c3%adn%20G%c3%b3mez/.m2/repository/com/opencsv/opencsv/5.4/opencsv-5.4.jar' 
2022-05-29 15:00:05.511 DEBUG [acme.Launcher@main] Found classpath entry '/C:/Users/Pablo%20Mar%c3%adn%20G%c3%b3mez/.m2/repository/commons-beanutils/commons-beanutils/1.9.4/commons-beanutils-1.9.4.jar' 
2022-05-29 15:00:05.511 DEBUG [acme.Launcher@main] Found classpath entry '/C:/Users/Pablo%20Mar%c3%adn%20G%c3%b3mez/.m2/repository/commons-logging/commons-logging/1.2/commons-logging-1.2.jar' 
2022-05-29 15:00:05.511 DEBUG [acme.Launcher@main] Found classpath entry '/C:/Users/Pablo%20Mar%c3%adn%20G%c3%b3mez/.m2/repository/commons-collections/commons-collections/3.2.2/commons-collections-3.2.2.jar' 
2022-05-29 15:00:05.511 DEBUG [acme.Launcher@main] Found classpath entry '/C:/Users/Pablo%20Mar%c3%adn%20G%c3%b3mez/.m2/repository/org/apache/commons/commons-collections4/4.4/commons-collections4-4.4.jar' 
2022-05-29 15:00:05.512 DEBUG [acme.Launcher@main] Found classpath entry '/C:/Users/Pablo%20Mar%c3%adn%20G%c3%b3mez/Desktop/Workspace-22.0/Tools/IDEs/eclipse-jee-2021-12-R/configuration/org.eclipse.osgi/418/0/.cp/lib/javaagent-shaded.jar' 
2022-05-29 15:00:05.591 DEBUG [acme.Launcher@main] Found entity class 'acme.entities.CHIMPUM.CHIMPUM 
2022-05-29 15:00:05.591 DEBUG [acme.Launcher@main] Found entity class 'acme.entities.announcements.Announcement 
2022-05-29 15:00:05.591 DEBUG [acme.Launcher@main] Found entity class 'acme.entities.artifacts.Artifact 
2022-05-29 15:00:05.591 DEBUG [acme.Launcher@main] Found entity class 'acme.entities.artifacts.Quantity 
2022-05-29 15:00:05.593 DEBUG [acme.Launcher@main] Found entity class 'acme.entities.artifacts.Toolkit 
2022-05-29 15:00:05.593 DEBUG [acme.Launcher@main] Found entity class 'acme.entities.chirps.Chirp 
2022-05-29 15:00:05.593 DEBUG [acme.Launcher@main] Found entity class 'acme.entities.configData.ConfigData 
2022-05-29 15:00:05.593 DEBUG [acme.Launcher@main] Found entity class 'acme.entities.patronage.Patronage 
2022-05-29 15:00:05.593 DEBUG [acme.Launcher@main] Found entity class 'acme.entities.patronage.PatronageReport 
2022-05-29 15:00:05.593 DEBUG [acme.Launcher@main] Found entity class 'acme.roles.Inventor 
2022-05-29 15:00:05.593 DEBUG [acme.Launcher@main] Found entity class 'acme.roles.Patron 
2022-05-29 15:00:05.593 DEBUG [acme.Launcher@main] Found entity class 'acme.framework.entities.UserAccount 
2022-05-29 15:00:05.593 DEBUG [acme.Launcher@main] Found entity class 'acme.framework.roles.Administrator 
2022-05-29 15:00:05.593 DEBUG [acme.Launcher@main] Found entity class 'acme.framework.roles.Anonymous 
2022-05-29 15:00:05.593 DEBUG [acme.Launcher@main] Found entity class 'acme.framework.roles.Any 
2022-05-29 15:00:05.593 DEBUG [acme.Launcher@main] Found entity class 'acme.framework.roles.Authenticated 
2022-05-29 15:00:05.599 INFO  [acme.Launcher@main] Running application (Standalone) 
2022-05-29 15:00:09.594 DEBUG [acme.framework.components.tiles.DynamicTilesView@http-nio-8080-exec-3] View name 'fragments/welcome', model {} 
2022-05-29 15:00:09.613 DEBUG [org.apache.tiles.definition.dao.BaseLocaleUrlDefinitionDAO@http-nio-8080-exec-3] File Resource file:/C:/Users/Pablo%20Marín%20Gómez/git/Acme-Toolkits-Control-Check/target/classes/WEB-INF/views/master/tiles_en.xml at file:/C:/Users/Pablo%20Marín%20Gómez/git/Acme-Toolkits-Control-Check/target/classes/WEB-INF/views/master/tiles_en.xml not found, continue 
2022-05-29 15:00:09.625 DEBUG [org.apache.jasper.servlet.JspServlet@http-nio-8080-exec-3] JspEngine --> /WEB-INF/views/master/page.jsp 
2022-05-29 15:00:09.625 DEBUG [org.apache.jasper.servlet.JspServlet@http-nio-8080-exec-3] ServletPath: /WEB-INF/views/master/page.jsp 
2022-05-29 15:00:09.625 DEBUG [org.apache.jasper.servlet.JspServlet@http-nio-8080-exec-3] PathInfo: null 
2022-05-29 15:00:09.627 DEBUG [org.apache.jasper.servlet.JspServlet@http-nio-8080-exec-3] RealPath: C:\Users\Pablo Marín Gómez\git\Acme-Toolkits-Control-Check\target\classes\WEB-INF\views\master\page.jsp 
2022-05-29 15:00:09.628 DEBUG [org.apache.jasper.servlet.JspServlet@http-nio-8080-exec-3] RequestURI: /acme-toolkits-22.7/WEB-INF/views/master/page.jsp 
2022-05-29 15:00:09.628 DEBUG [org.apache.jasper.servlet.JspServlet@http-nio-8080-exec-3] QueryString: null 
2022-05-29 15:00:13.299 DEBUG [acme.framework.configuration.ExtendedMessageSource@http-nio-8080-exec-3] Loading properties [C:\Users\Pablo Marín Gómez\git\Acme-Toolkits-Control-Check\target\classes\WEB-INF\views\administrator\administrator-dashboard\messages-en.i18n] with encoding 'utf-8' 
2022-05-29 15:00:13.301 DEBUG [acme.framework.configuration.ExtendedMessageSource@http-nio-8080-exec-3] Loading properties [C:\Users\Pablo Marín Gómez\git\Acme-Toolkits-Control-Check\target\classes\WEB-INF\views\administrator\announcement\messsages-en.i18n] with encoding 'utf-8' 
2022-05-29 15:00:13.301 DEBUG [acme.framework.configuration.ExtendedMessageSource@http-nio-8080-exec-3] Loading properties [C:\Users\Pablo Marín Gómez\git\Acme-Toolkits-Control-Check\target\classes\WEB-INF\views\administrator\config-data\messsages-en.i18n] with encoding 'utf-8' 
2022-05-29 15:00:13.303 DEBUG [acme.framework.configuration.ExtendedMessageSource@http-nio-8080-exec-3] Loading properties [C:\Users\Pablo Marín Gómez\git\Acme-Toolkits-Control-Check\target\classes\WEB-INF\views\administrator\user-account\messages-en.i18n] with encoding 'utf-8' 
2022-05-29 15:00:13.304 DEBUG [acme.framework.configuration.ExtendedMessageSource@http-nio-8080-exec-3] Loading properties [C:\Users\Pablo Marín Gómez\git\Acme-Toolkits-Control-Check\target\classes\WEB-INF\views\anonymous\user-account\messages-en.i18n] with encoding 'utf-8' 
2022-05-29 15:00:13.305 DEBUG [acme.framework.configuration.ExtendedMessageSource@http-nio-8080-exec-3] Loading properties [C:\Users\Pablo Marín Gómez\git\Acme-Toolkits-Control-Check\target\classes\WEB-INF\views\any\artifact\messages-en.i18n] with encoding 'utf-8' 
2022-05-29 15:00:13.306 DEBUG [acme.framework.configuration.ExtendedMessageSource@http-nio-8080-exec-3] Loading properties [C:\Users\Pablo Marín Gómez\git\Acme-Toolkits-Control-Check\target\classes\WEB-INF\views\any\chirp\messages-en.i18n] with encoding 'utf-8' 
2022-05-29 15:00:13.307 DEBUG [acme.framework.configuration.ExtendedMessageSource@http-nio-8080-exec-3] Loading properties [C:\Users\Pablo Marín Gómez\git\Acme-Toolkits-Control-Check\target\classes\WEB-INF\views\any\toolkit\messages-en.i18n] with encoding 'utf-8' 
2022-05-29 15:00:13.307 DEBUG [acme.framework.configuration.ExtendedMessageSource@http-nio-8080-exec-3] Loading properties [C:\Users\Pablo Marín Gómez\git\Acme-Toolkits-Control-Check\target\classes\WEB-INF\views\any\user-account\messages-en.i18n] with encoding 'utf-8' 
2022-05-29 15:00:13.308 DEBUG [acme.framework.configuration.ExtendedMessageSource@http-nio-8080-exec-3] Loading properties [C:\Users\Pablo Marín Gómez\git\Acme-Toolkits-Control-Check\target\classes\WEB-INF\views\authenticated\announcement\messsages-en.i18n] with encoding 'utf-8' 
2022-05-29 15:00:13.308 DEBUG [acme.framework.configuration.ExtendedMessageSource@http-nio-8080-exec-3] Loading properties [C:\Users\Pablo Marín Gómez\git\Acme-Toolkits-Control-Check\target\classes\WEB-INF\views\authenticated\config-data\messsages-en.i18n] with encoding 'utf-8' 
2022-05-29 15:00:13.310 DEBUG [acme.framework.configuration.ExtendedMessageSource@http-nio-8080-exec-3] Loading properties [C:\Users\Pablo Marín Gómez\git\Acme-Toolkits-Control-Check\target\classes\WEB-INF\views\authenticated\consumer\messsages-en.i18n] with encoding 'utf-8' 
2022-05-29 15:00:13.310 DEBUG [acme.framework.configuration.ExtendedMessageSource@http-nio-8080-exec-3] Loading properties [C:\Users\Pablo Marín Gómez\git\Acme-Toolkits-Control-Check\target\classes\WEB-INF\views\authenticated\inventor\messsages-en.i18n] with encoding 'utf-8' 
2022-05-29 15:00:13.310 DEBUG [acme.framework.configuration.ExtendedMessageSource@http-nio-8080-exec-3] Loading properties [C:\Users\Pablo Marín Gómez\git\Acme-Toolkits-Control-Check\target\classes\WEB-INF\views\authenticated\patron\messsages-en.i18n] with encoding 'utf-8' 
2022-05-29 15:00:13.312 DEBUG [acme.framework.configuration.ExtendedMessageSource@http-nio-8080-exec-3] Loading properties [C:\Users\Pablo Marín Gómez\git\Acme-Toolkits-Control-Check\target\classes\WEB-INF\views\authenticated\provider\messsages-en.i18n] with encoding 'utf-8' 
2022-05-29 15:00:13.313 DEBUG [acme.framework.configuration.ExtendedMessageSource@http-nio-8080-exec-3] Loading properties [C:\Users\Pablo Marín Gómez\git\Acme-Toolkits-Control-Check\target\classes\WEB-INF\views\authenticated\user-account\messages-en.i18n] with encoding 'utf-8' 
2022-05-29 15:00:13.315 DEBUG [acme.framework.configuration.ExtendedMessageSource@http-nio-8080-exec-3] Loading properties [C:\Users\Pablo Marín Gómez\git\Acme-Toolkits-Control-Check\target\classes\WEB-INF\views\fragments\banner-en.i18n] with encoding 'utf-8' 
2022-05-29 15:00:13.315 DEBUG [acme.framework.configuration.ExtendedMessageSource@http-nio-8080-exec-3] Loading properties [C:\Users\Pablo Marín Gómez\git\Acme-Toolkits-Control-Check\target\classes\WEB-INF\views\fragments\company-en.i18n] with encoding 'utf-8' 
2022-05-29 15:00:13.316 DEBUG [acme.framework.configuration.ExtendedMessageSource@http-nio-8080-exec-3] Loading properties [C:\Users\Pablo Marín Gómez\git\Acme-Toolkits-Control-Check\target\classes\WEB-INF\views\fragments\footer-en.i18n] with encoding 'utf-8' 
2022-05-29 15:00:13.316 DEBUG [acme.framework.configuration.ExtendedMessageSource@http-nio-8080-exec-3] Loading properties [C:\Users\Pablo Marín Gómez\git\Acme-Toolkits-Control-Check\target\classes\WEB-INF\views\fragments\license-en.i18n] with encoding 'utf-8' 
2022-05-29 15:00:13.317 DEBUG [acme.framework.configuration.ExtendedMessageSource@http-nio-8080-exec-3] Loading properties [C:\Users\Pablo Marín Gómez\git\Acme-Toolkits-Control-Check\target\classes\WEB-INF\views\fragments\menu-en.i18n] with encoding 'utf-8' 
2022-05-29 15:00:13.317 DEBUG [acme.framework.configuration.ExtendedMessageSource@http-nio-8080-exec-3] Loading properties [C:\Users\Pablo Marín Gómez\git\Acme-Toolkits-Control-Check\target\classes\WEB-INF\views\fragments\messsages-en.i18n] with encoding 'utf-8' 
2022-05-29 15:00:13.318 DEBUG [acme.framework.configuration.ExtendedMessageSource@http-nio-8080-exec-3] Loading properties [C:\Users\Pablo Marín Gómez\git\Acme-Toolkits-Control-Check\target\classes\WEB-INF\views\fragments\title-en.i18n] with encoding 'utf-8' 
2022-05-29 15:00:13.319 DEBUG [acme.framework.configuration.ExtendedMessageSource@http-nio-8080-exec-3] Loading properties [C:\Users\Pablo Marín Gómez\git\Acme-Toolkits-Control-Check\target\classes\WEB-INF\views\fragments\welcome-en.i18n] with encoding 'utf-8' 
2022-05-29 15:00:13.319 DEBUG [acme.framework.configuration.ExtendedMessageSource@http-nio-8080-exec-3] Loading properties [C:\Users\Pablo Marín Gómez\git\Acme-Toolkits-Control-Check\target\classes\WEB-INF\views\inventor\artifact\messages-en.i18n] with encoding 'utf-8' 
2022-05-29 15:00:13.320 DEBUG [acme.framework.configuration.ExtendedMessageSource@http-nio-8080-exec-3] Loading properties [C:\Users\Pablo Marín Gómez\git\Acme-Toolkits-Control-Check\target\classes\WEB-INF\views\inventor\patronage\messages-en.i18n] with encoding 'utf-8' 
2022-05-29 15:00:13.320 DEBUG [acme.framework.configuration.ExtendedMessageSource@http-nio-8080-exec-3] Loading properties [C:\Users\Pablo Marín Gómez\git\Acme-Toolkits-Control-Check\target\classes\WEB-INF\views\inventor\patronage-report\messages-en.i18n] with encoding 'utf-8' 
2022-05-29 15:00:13.322 DEBUG [acme.framework.configuration.ExtendedMessageSource@http-nio-8080-exec-3] Loading properties [C:\Users\Pablo Marín Gómez\git\Acme-Toolkits-Control-Check\target\classes\WEB-INF\views\inventor\quantity\messages-en.i18n] with encoding 'utf-8' 
2022-05-29 15:00:13.322 DEBUG [acme.framework.configuration.ExtendedMessageSource@http-nio-8080-exec-3] Loading properties [C:\Users\Pablo Marín Gómez\git\Acme-Toolkits-Control-Check\target\classes\WEB-INF\views\inventor\toolkit\messages-en.i18n] with encoding 'utf-8' 
2022-05-29 15:00:13.323 DEBUG [acme.framework.configuration.ExtendedMessageSource@http-nio-8080-exec-3] Loading properties [C:\Users\Pablo Marín Gómez\git\Acme-Toolkits-Control-Check\target\classes\WEB-INF\views\master\defaults-en.i18n] with encoding 'utf-8' 
2022-05-29 15:00:13.323 DEBUG [acme.framework.configuration.ExtendedMessageSource@http-nio-8080-exec-3] Loading properties [C:\Users\Pablo Marín Gómez\git\Acme-Toolkits-Control-Check\target\classes\WEB-INF\views\master\master-en.i18n] with encoding 'utf-8' 
2022-05-29 15:00:13.323 DEBUG [acme.framework.configuration.ExtendedMessageSource@http-nio-8080-exec-3] Loading properties [C:\Users\Pablo Marín Gómez\git\Acme-Toolkits-Control-Check\target\classes\WEB-INF\views\master\throwables-en.i18n] with encoding 'utf-8' 
2022-05-29 15:00:13.323 DEBUG [acme.framework.configuration.ExtendedMessageSource@http-nio-8080-exec-3] Loading properties [C:\Users\Pablo Marín Gómez\git\Acme-Toolkits-Control-Check\target\classes\WEB-INF\views\master\validation-en.i18n] with encoding 'utf-8' 
2022-05-29 15:00:13.325 DEBUG [acme.framework.configuration.ExtendedMessageSource@http-nio-8080-exec-3] Loading properties [C:\Users\Pablo Marín Gómez\git\Acme-Toolkits-Control-Check\target\classes\WEB-INF\views\patron\chimpum\messages-en.i18n] with encoding 'utf-8' 
2022-05-29 15:00:13.325 DEBUG [acme.framework.configuration.ExtendedMessageSource@http-nio-8080-exec-3] Loading properties [C:\Users\Pablo Marín Gómez\git\Acme-Toolkits-Control-Check\target\classes\WEB-INF\views\patron\patron-dashboard\messages-en.i18n] with encoding 'utf-8' 
2022-05-29 15:00:13.326 DEBUG [acme.framework.configuration.ExtendedMessageSource@http-nio-8080-exec-3] Loading properties [C:\Users\Pablo Marín Gómez\git\Acme-Toolkits-Control-Check\target\classes\WEB-INF\views\patron\patronage\messages-en.i18n] with encoding 'utf-8' 
2022-05-29 15:00:13.326 DEBUG [acme.framework.configuration.ExtendedMessageSource@http-nio-8080-exec-3] Loading properties [C:\Users\Pablo Marín Gómez\git\Acme-Toolkits-Control-Check\target\classes\WEB-INF\views\patron\patronage-report\messages-en.i18n] with encoding 'utf-8' 
2022-05-29 15:00:13.572 DEBUG [org.apache.jasper.servlet.JspServlet@http-nio-8080-exec-3] JspEngine --> /WEB-INF/views/fragments/welcome.jsp 
2022-05-29 15:00:13.573 DEBUG [org.apache.jasper.servlet.JspServlet@http-nio-8080-exec-3] ServletPath: /WEB-INF/views/master/page.jsp 
2022-05-29 15:00:13.573 DEBUG [org.apache.jasper.servlet.JspServlet@http-nio-8080-exec-3] PathInfo: null 
2022-05-29 15:00:13.574 DEBUG [org.apache.jasper.servlet.JspServlet@http-nio-8080-exec-3] RealPath: C:\Users\Pablo Marín Gómez\git\Acme-Toolkits-Control-Check\target\classes\WEB-INF\views\fragments\welcome.jsp 
2022-05-29 15:00:13.575 DEBUG [org.apache.jasper.servlet.JspServlet@http-nio-8080-exec-3] RequestURI: /acme-toolkits-22.7/WEB-INF/views/master/page.jsp 
2022-05-29 15:00:13.575 DEBUG [org.apache.jasper.servlet.JspServlet@http-nio-8080-exec-3] QueryString: null 
2022-05-29 15:00:13.922 DEBUG [org.hibernate.SQL@http-nio-8080-exec-3] select useraccoun0_.id as id1_0_, useraccoun0_.version as version2_0_, useraccoun0_.enabled as enabled1_16_, useraccoun0_.identity as identity2_16_, useraccoun0_.password as password3_16_, useraccoun0_.username as username4_16_ from user_account useraccoun0_ where useraccoun0_.username=? 
2022-05-29 15:00:13.950 TRACE [org.hibernate.type.descriptor.sql.BasicBinder@http-nio-8080-exec-3] binding parameter [1] as [VARCHAR] - [anonymous] 
2022-05-29 15:00:14.056 DEBUG [org.hibernate.SQL@http-nio-8080-exec-3] select roles0_.user_account_id as user_acc1_17_0_, roles0_.id as id1_17_0_, roles0_.id as id1_0_1_, roles0_.version as version2_0_1_, roles0_.user_account_id as user_acc1_17_1_, roles0_.company as company1_10_1_, roles0_.link as link2_10_1_, roles0_.statement as statemen3_10_1_, roles0_.company as company1_11_1_, roles0_.link as link2_11_1_, roles0_.statement as statemen3_11_1_, roles0_.clazz_ as clazz_1_ from ( select id, version, user_account_id, company, link, statement, 11 as clazz_ from inventor union all select id, version, user_account_id, company, link, statement, 12 as clazz_ from patron union all select id, version, user_account_id, null as company, null as link, null as statement, 14 as clazz_ from administrator union all select id, version, user_account_id, null as company, null as link, null as statement, 15 as clazz_ from anonymous union all select id, version, user_account_id, null as company, null as link, null as statement, 16 as clazz_ from any union all select id, version, user_account_id, null as company, null as link, null as statement, 17 as clazz_ from authenticated ) roles0_ where roles0_.user_account_id=? 
2022-05-29 15:00:14.057 TRACE [org.hibernate.type.descriptor.sql.BasicBinder@http-nio-8080-exec-3] binding parameter [1] as [INTEGER] - [1] 
2022-05-29 15:00:27.416 DEBUG [acme.framework.components.tiles.DynamicTilesView@http-nio-8080-exec-6] View name 'master/sign-in', model {username=, password=, remember=false} 
2022-05-29 15:00:27.418 DEBUG [org.apache.jasper.servlet.JspServlet@http-nio-8080-exec-6] JspEngine --> /WEB-INF/views/master/page.jsp 
2022-05-29 15:00:27.419 DEBUG [org.apache.jasper.servlet.JspServlet@http-nio-8080-exec-6] ServletPath: /WEB-INF/views/master/page.jsp 
2022-05-29 15:00:27.419 DEBUG [org.apache.jasper.servlet.JspServlet@http-nio-8080-exec-6] PathInfo: null 
2022-05-29 15:00:27.420 DEBUG [org.apache.jasper.servlet.JspServlet@http-nio-8080-exec-6] RealPath: C:\Users\Pablo Marín Gómez\git\Acme-Toolkits-Control-Check\target\classes\WEB-INF\views\master\page.jsp 
2022-05-29 15:00:27.421 DEBUG [org.apache.jasper.servlet.JspServlet@http-nio-8080-exec-6] RequestURI: /acme-toolkits-22.7/WEB-INF/views/master/page.jsp 
2022-05-29 15:00:27.421 DEBUG [org.apache.jasper.servlet.JspServlet@http-nio-8080-exec-6] QueryString: null 
2022-05-29 15:00:27.618 DEBUG [org.apache.jasper.servlet.JspServlet@http-nio-8080-exec-6] JspEngine --> /WEB-INF/views/master/sign-in.jsp 
2022-05-29 15:00:27.619 DEBUG [org.apache.jasper.servlet.JspServlet@http-nio-8080-exec-6] ServletPath: /WEB-INF/views/master/page.jsp 
2022-05-29 15:00:27.619 DEBUG [org.apache.jasper.servlet.JspServlet@http-nio-8080-exec-6] PathInfo: null 
2022-05-29 15:00:27.620 DEBUG [org.apache.jasper.servlet.JspServlet@http-nio-8080-exec-6] RealPath: C:\Users\Pablo Marín Gómez\git\Acme-Toolkits-Control-Check\target\classes\WEB-INF\views\master\sign-in.jsp 
2022-05-29 15:00:27.621 DEBUG [org.apache.jasper.servlet.JspServlet@http-nio-8080-exec-6] RequestURI: /acme-toolkits-22.7/WEB-INF/views/master/page.jsp 
2022-05-29 15:00:27.621 DEBUG [org.apache.jasper.servlet.JspServlet@http-nio-8080-exec-6] QueryString: null 
2022-05-29 15:00:29.351 DEBUG [org.hibernate.SQL@http-nio-8080-exec-6] select useraccoun0_.id as id1_0_, useraccoun0_.version as version2_0_, useraccoun0_.enabled as enabled1_16_, useraccoun0_.identity as identity2_16_, useraccoun0_.password as password3_16_, useraccoun0_.username as username4_16_ from user_account useraccoun0_ where useraccoun0_.username=? 
2022-05-29 15:00:29.352 TRACE [org.hibernate.type.descriptor.sql.BasicBinder@http-nio-8080-exec-6] binding parameter [1] as [VARCHAR] - [anonymous] 
2022-05-29 15:00:29.355 DEBUG [org.hibernate.SQL@http-nio-8080-exec-6] select roles0_.user_account_id as user_acc1_17_0_, roles0_.id as id1_17_0_, roles0_.id as id1_0_1_, roles0_.version as version2_0_1_, roles0_.user_account_id as user_acc1_17_1_, roles0_.company as company1_10_1_, roles0_.link as link2_10_1_, roles0_.statement as statemen3_10_1_, roles0_.company as company1_11_1_, roles0_.link as link2_11_1_, roles0_.statement as statemen3_11_1_, roles0_.clazz_ as clazz_1_ from ( select id, version, user_account_id, company, link, statement, 11 as clazz_ from inventor union all select id, version, user_account_id, company, link, statement, 12 as clazz_ from patron union all select id, version, user_account_id, null as company, null as link, null as statement, 14 as clazz_ from administrator union all select id, version, user_account_id, null as company, null as link, null as statement, 15 as clazz_ from anonymous union all select id, version, user_account_id, null as company, null as link, null as statement, 16 as clazz_ from any union all select id, version, user_account_id, null as company, null as link, null as statement, 17 as clazz_ from authenticated ) roles0_ where roles0_.user_account_id=? 
2022-05-29 15:00:29.357 TRACE [org.hibernate.type.descriptor.sql.BasicBinder@http-nio-8080-exec-6] binding parameter [1] as [INTEGER] - [1] 
2022-05-29 15:00:32.085 DEBUG [org.hibernate.SQL@http-nio-8080-exec-2] select useraccoun0_.id as id1_0_, useraccoun0_.version as version2_0_, useraccoun0_.enabled as enabled1_16_, useraccoun0_.identity as identity2_16_, useraccoun0_.password as password3_16_, useraccoun0_.username as username4_16_ from user_account useraccoun0_ where useraccoun0_.username=? 
2022-05-29 15:00:32.088 TRACE [org.hibernate.type.descriptor.sql.BasicBinder@http-nio-8080-exec-2] binding parameter [1] as [VARCHAR] - [patron1] 
2022-05-29 15:00:32.090 DEBUG [org.hibernate.SQL@http-nio-8080-exec-2] select roles0_.user_account_id as user_acc1_17_0_, roles0_.id as id1_17_0_, roles0_.id as id1_0_1_, roles0_.version as version2_0_1_, roles0_.user_account_id as user_acc1_17_1_, roles0_.company as company1_10_1_, roles0_.link as link2_10_1_, roles0_.statement as statemen3_10_1_, roles0_.company as company1_11_1_, roles0_.link as link2_11_1_, roles0_.statement as statemen3_11_1_, roles0_.clazz_ as clazz_1_ from ( select id, version, user_account_id, company, link, statement, 11 as clazz_ from inventor union all select id, version, user_account_id, company, link, statement, 12 as clazz_ from patron union all select id, version, user_account_id, null as company, null as link, null as statement, 14 as clazz_ from administrator union all select id, version, user_account_id, null as company, null as link, null as statement, 15 as clazz_ from anonymous union all select id, version, user_account_id, null as company, null as link, null as statement, 16 as clazz_ from any union all select id, version, user_account_id, null as company, null as link, null as statement, 17 as clazz_ from authenticated ) roles0_ where roles0_.user_account_id=? 
2022-05-29 15:00:32.091 TRACE [org.hibernate.type.descriptor.sql.BasicBinder@http-nio-8080-exec-2] binding parameter [1] as [INTEGER] - [3] 
2022-05-29 15:00:32.120 DEBUG [acme.framework.components.tiles.DynamicTilesView@http-nio-8080-exec-1] View name 'fragments/welcome', model {} 
2022-05-29 15:00:32.121 DEBUG [org.apache.jasper.servlet.JspServlet@http-nio-8080-exec-1] JspEngine --> /WEB-INF/views/master/page.jsp 
2022-05-29 15:00:32.122 DEBUG [org.apache.jasper.servlet.JspServlet@http-nio-8080-exec-1] ServletPath: /WEB-INF/views/master/page.jsp 
2022-05-29 15:00:32.123 DEBUG [org.apache.jasper.servlet.JspServlet@http-nio-8080-exec-1] PathInfo: null 
2022-05-29 15:00:32.125 DEBUG [org.apache.jasper.servlet.JspServlet@http-nio-8080-exec-1] RealPath: C:\Users\Pablo Marín Gómez\git\Acme-Toolkits-Control-Check\target\classes\WEB-INF\views\master\page.jsp 
2022-05-29 15:00:32.126 DEBUG [org.apache.jasper.servlet.JspServlet@http-nio-8080-exec-1] RequestURI: /acme-toolkits-22.7/WEB-INF/views/master/page.jsp 
2022-05-29 15:00:32.127 DEBUG [org.apache.jasper.servlet.JspServlet@http-nio-8080-exec-1] QueryString: null 
2022-05-29 15:00:32.348 DEBUG [org.apache.jasper.servlet.JspServlet@http-nio-8080-exec-1] JspEngine --> /WEB-INF/views/fragments/welcome.jsp 
2022-05-29 15:00:32.348 DEBUG [org.apache.jasper.servlet.JspServlet@http-nio-8080-exec-1] ServletPath: /WEB-INF/views/master/page.jsp 
2022-05-29 15:00:32.350 DEBUG [org.apache.jasper.servlet.JspServlet@http-nio-8080-exec-1] PathInfo: null 
2022-05-29 15:00:32.351 DEBUG [org.apache.jasper.servlet.JspServlet@http-nio-8080-exec-1] RealPath: C:\Users\Pablo Marín Gómez\git\Acme-Toolkits-Control-Check\target\classes\WEB-INF\views\fragments\welcome.jsp 
2022-05-29 15:00:32.351 DEBUG [org.apache.jasper.servlet.JspServlet@http-nio-8080-exec-1] RequestURI: /acme-toolkits-22.7/WEB-INF/views/master/page.jsp 
2022-05-29 15:00:32.352 DEBUG [org.apache.jasper.servlet.JspServlet@http-nio-8080-exec-1] QueryString: null 
2022-05-29 15:00:34.060 DEBUG [acme.framework.controllers.AbstractController@http-nio-8080-exec-4] DISPATCHING GET /acme-toolkits-22.7/patron/chimpum/list 
2022-05-29 15:00:34.060 DEBUG [acme.framework.controllers.AbstractController@http-nio-8080-exec-4] Command: list 
2022-05-29 15:00:34.060 DEBUG [acme.framework.controllers.AbstractController@http-nio-8080-exec-4] Model:   {} 
2022-05-29 15:00:34.060 DEBUG [acme.framework.controllers.AbstractController@http-nio-8080-exec-4] Locale:  en 
2022-05-29 15:00:34.060 DEBUG [acme.framework.controllers.AbstractController@http-nio-8080-exec-4] Starting transaction 13ce1913-ba70-4879-be91-fff1722229c2 
2022-05-29 15:00:34.075 DEBUG [org.hibernate.SQL@http-nio-8080-exec-4] select chimpum0_.id as id1_0_, chimpum0_.version as version2_0_, chimpum0_.budget_amount as budget_a1_7_, chimpum0_.budget_currency as budget_c2_7_, chimpum0_.creation_moment as creation3_7_, chimpum0_.description as descript4_7_, chimpum0_.finish_date as finish_d5_7_, chimpum0_.link as link6_7_, chimpum0_.pattern as pattern7_7_, chimpum0_.start_date as start_da8_7_, chimpum0_.title as title9_7_ from chimpum chimpum0_ 
2022-05-29 15:00:34.109 DEBUG [acme.framework.controllers.AbstractController@http-nio-8080-exec-4] Committing transaction 13ce1913-ba70-4879-be91-fff1722229c2 
2022-05-29 15:00:34.111 DEBUG [acme.framework.controllers.AbstractController@http-nio-8080-exec-4] Starting transaction 073b1bba-4299-4d47-a8fe-7771f98df4c0 
2022-05-29 15:00:34.112 DEBUG [acme.framework.controllers.AbstractController@http-nio-8080-exec-4] Committing transaction 073b1bba-4299-4d47-a8fe-7771f98df4c0 
2022-05-29 15:00:34.113 DEBUG [acme.framework.controllers.AbstractController@http-nio-8080-exec-4] SERVING GET /acme-toolkits-22.7/patron/chimpum/list 
2022-05-29 15:00:34.115 DEBUG [acme.framework.controllers.AbstractController@http-nio-8080-exec-4] Result: ModelAndView [view="patron/chimpum/list"; model={link[1]=https://www.google.com, description[1]=Is Amazing at best yeah, link[0]=https://www.google.com, pattern[0]=19/05/2022-1, title[1]=Amazing CHIMPUM 2, description[0]=Is Amazing at best, version[1]=0, pattern[1]=29/05/2022-1, finishDate[0]=2022-07-01 12:00:00.0, finishDate[1]=2022-07-01 12:00:00.0, list$size=2, budget[0]=<<EUR 60.00>>, budget[1]=<<EUR 200.00>>, startDate[1]=2022-06-20 12:00:00.0, version[0]=0, title[0]=Amazing CHIMPUM, id[1]=23, id[0]=22, startDate[0]=2022-06-20 12:00:00.0, command=list, principal=acme.framework.entities.Principal@4c1c5e26}] 
2022-05-29 15:00:34.124 DEBUG [acme.framework.components.tiles.DynamicTilesView@http-nio-8080-exec-4] View name 'patron/chimpum/list', model {link[1]=https://www.google.com, description[1]=Is Amazing at best yeah, link[0]=https://www.google.com, pattern[0]=19/05/2022-1, title[1]=Amazing CHIMPUM 2, description[0]=Is Amazing at best, version[1]=0, pattern[1]=29/05/2022-1, finishDate[0]=2022-07-01 12:00:00.0, finishDate[1]=2022-07-01 12:00:00.0, list$size=2, budget[0]=<<EUR 60.00>>, budget[1]=<<EUR 200.00>>, startDate[1]=2022-06-20 12:00:00.0, version[0]=0, title[0]=Amazing CHIMPUM, id[1]=23, id[0]=22, startDate[0]=2022-06-20 12:00:00.0, command=list, principal=acme.framework.entities.Principal@4c1c5e26, org.springframework.validation.BindingResult.budget[0]=org.springframework.validation.BeanPropertyBindingResult: 0 errors, org.springframework.validation.BindingResult.budget[1]=org.springframework.validation.BeanPropertyBindingResult: 0 errors, org.springframework.validation.BindingResult.principal=org.springframework.validation.BeanPropertyBindingResult: 0 errors} 
2022-05-29 15:00:34.125 DEBUG [org.apache.jasper.servlet.JspServlet@http-nio-8080-exec-4] JspEngine --> /WEB-INF/views/master/page.jsp 
2022-05-29 15:00:34.125 DEBUG [org.apache.jasper.servlet.JspServlet@http-nio-8080-exec-4] ServletPath: /WEB-INF/views/master/page.jsp 
2022-05-29 15:00:34.125 DEBUG [org.apache.jasper.servlet.JspServlet@http-nio-8080-exec-4] PathInfo: null 
2022-05-29 15:00:34.126 DEBUG [org.apache.jasper.servlet.JspServlet@http-nio-8080-exec-4] RealPath: C:\Users\Pablo Marín Gómez\git\Acme-Toolkits-Control-Check\target\classes\WEB-INF\views\master\page.jsp 
2022-05-29 15:00:34.126 DEBUG [org.apache.jasper.servlet.JspServlet@http-nio-8080-exec-4] RequestURI: /acme-toolkits-22.7/WEB-INF/views/master/page.jsp 
2022-05-29 15:00:34.127 DEBUG [org.apache.jasper.servlet.JspServlet@http-nio-8080-exec-4] QueryString: null 
2022-05-29 15:00:34.322 DEBUG [org.apache.jasper.servlet.JspServlet@http-nio-8080-exec-4] JspEngine --> /WEB-INF/views/patron/chimpum/list.jsp 
2022-05-29 15:00:34.323 DEBUG [org.apache.jasper.servlet.JspServlet@http-nio-8080-exec-4] ServletPath: /WEB-INF/views/master/page.jsp 
2022-05-29 15:00:34.324 DEBUG [org.apache.jasper.servlet.JspServlet@http-nio-8080-exec-4] PathInfo: null 
2022-05-29 15:00:34.325 DEBUG [org.apache.jasper.servlet.JspServlet@http-nio-8080-exec-4] RealPath: C:\Users\Pablo Marín Gómez\git\Acme-Toolkits-Control-Check\target\classes\WEB-INF\views\patron\chimpum\list.jsp 
2022-05-29 15:00:34.325 DEBUG [org.apache.jasper.servlet.JspServlet@http-nio-8080-exec-4] RequestURI: /acme-toolkits-22.7/WEB-INF/views/master/page.jsp 
2022-05-29 15:00:34.326 DEBUG [org.apache.jasper.servlet.JspServlet@http-nio-8080-exec-4] QueryString: null 
2022-05-29 15:00:36.357 DEBUG [acme.framework.controllers.AbstractController@http-nio-8080-exec-4] DISPATCHING GET /acme-toolkits-22.7/patron/chimpum/show 
2022-05-29 15:00:36.357 DEBUG [acme.framework.controllers.AbstractController@http-nio-8080-exec-4] Command: show 
2022-05-29 15:00:36.357 DEBUG [acme.framework.controllers.AbstractController@http-nio-8080-exec-4] Model:   {id=22} 
2022-05-29 15:00:36.357 DEBUG [acme.framework.controllers.AbstractController@http-nio-8080-exec-4] Locale:  en 
2022-05-29 15:00:36.357 DEBUG [acme.framework.controllers.AbstractController@http-nio-8080-exec-4] Starting transaction 3e628512-564d-49e3-af4d-68f2cff9c94b 
2022-05-29 15:00:36.360 DEBUG [org.hibernate.SQL@http-nio-8080-exec-4] select chimpum0_.id as id1_0_, chimpum0_.version as version2_0_, chimpum0_.budget_amount as budget_a1_7_, chimpum0_.budget_currency as budget_c2_7_, chimpum0_.creation_moment as creation3_7_, chimpum0_.description as descript4_7_, chimpum0_.finish_date as finish_d5_7_, chimpum0_.link as link6_7_, chimpum0_.pattern as pattern7_7_, chimpum0_.start_date as start_da8_7_, chimpum0_.title as title9_7_ from chimpum chimpum0_ where chimpum0_.id=? 
2022-05-29 15:00:36.362 TRACE [org.hibernate.type.descriptor.sql.BasicBinder@http-nio-8080-exec-4] binding parameter [1] as [INTEGER] - [22] 
2022-05-29 15:00:36.364 DEBUG [acme.framework.controllers.AbstractController@http-nio-8080-exec-4] Committing transaction 3e628512-564d-49e3-af4d-68f2cff9c94b 
2022-05-29 15:00:36.366 DEBUG [acme.framework.controllers.AbstractController@http-nio-8080-exec-4] Starting transaction 346b75a7-55ad-4a79-9d46-5e5bbf430249 
2022-05-29 15:00:36.367 DEBUG [acme.framework.controllers.AbstractController@http-nio-8080-exec-4] Committing transaction 346b75a7-55ad-4a79-9d46-5e5bbf430249 
2022-05-29 15:00:36.367 DEBUG [acme.framework.controllers.AbstractController@http-nio-8080-exec-4] SERVING GET /acme-toolkits-22.7/patron/chimpum/show 
2022-05-29 15:00:36.367 DEBUG [acme.framework.controllers.AbstractController@http-nio-8080-exec-4] Result: ModelAndView [view="patron/chimpum/form"; model={creationMoment=2022-05-19 12:00:00.0, pattern=19/05/2022-1, link=https://www.google.com, description=Is Amazing at best, finishDate=2022-07-01 12:00:00.0, id=22, title=Amazing CHIMPUM, version=0, startDate=2022-06-20 12:00:00.0, budget=<<EUR 60.00>>, command=show, principal=acme.framework.entities.Principal@4c1c5e26}] 
2022-05-29 15:00:36.369 DEBUG [acme.framework.components.tiles.DynamicTilesView@http-nio-8080-exec-4] View name 'patron/chimpum/form', model {creationMoment=2022-05-19 12:00:00.0, pattern=19/05/2022-1, link=https://www.google.com, description=Is Amazing at best, finishDate=2022-07-01 12:00:00.0, id=22, title=Amazing CHIMPUM, version=0, startDate=2022-06-20 12:00:00.0, budget=<<EUR 60.00>>, command=show, principal=acme.framework.entities.Principal@4c1c5e26, org.springframework.validation.BindingResult.budget=org.springframework.validation.BeanPropertyBindingResult: 0 errors, org.springframework.validation.BindingResult.principal=org.springframework.validation.BeanPropertyBindingResult: 0 errors} 
2022-05-29 15:00:36.370 DEBUG [org.apache.jasper.servlet.JspServlet@http-nio-8080-exec-4] JspEngine --> /WEB-INF/views/master/page.jsp 
2022-05-29 15:00:36.371 DEBUG [org.apache.jasper.servlet.JspServlet@http-nio-8080-exec-4] ServletPath: /WEB-INF/views/master/page.jsp 
2022-05-29 15:00:36.371 DEBUG [org.apache.jasper.servlet.JspServlet@http-nio-8080-exec-4] PathInfo: null 
2022-05-29 15:00:36.372 DEBUG [org.apache.jasper.servlet.JspServlet@http-nio-8080-exec-4] RealPath: C:\Users\Pablo Marín Gómez\git\Acme-Toolkits-Control-Check\target\classes\WEB-INF\views\master\page.jsp 
2022-05-29 15:00:36.372 DEBUG [org.apache.jasper.servlet.JspServlet@http-nio-8080-exec-4] RequestURI: /acme-toolkits-22.7/WEB-INF/views/master/page.jsp 
2022-05-29 15:00:36.372 DEBUG [org.apache.jasper.servlet.JspServlet@http-nio-8080-exec-4] QueryString: id=22 
2022-05-29 15:00:36.561 DEBUG [org.apache.jasper.servlet.JspServlet@http-nio-8080-exec-4] JspEngine --> /WEB-INF/views/patron/chimpum/form.jsp 
2022-05-29 15:00:36.561 DEBUG [org.apache.jasper.servlet.JspServlet@http-nio-8080-exec-4] ServletPath: /WEB-INF/views/master/page.jsp 
2022-05-29 15:00:36.561 DEBUG [org.apache.jasper.servlet.JspServlet@http-nio-8080-exec-4] PathInfo: null 
2022-05-29 15:00:36.562 DEBUG [org.apache.jasper.servlet.JspServlet@http-nio-8080-exec-4] RealPath: C:\Users\Pablo Marín Gómez\git\Acme-Toolkits-Control-Check\target\classes\WEB-INF\views\patron\chimpum\form.jsp 
2022-05-29 15:00:36.563 DEBUG [org.apache.jasper.servlet.JspServlet@http-nio-8080-exec-4] RequestURI: /acme-toolkits-22.7/WEB-INF/views/master/page.jsp 
2022-05-29 15:00:36.563 DEBUG [org.apache.jasper.servlet.JspServlet@http-nio-8080-exec-4] QueryString: id=22 
2022-05-29 15:00:40.066 DEBUG [acme.framework.controllers.AbstractController@http-nio-8080-exec-2] DISPATCHING GET /acme-toolkits-22.7/patron/chimpum/list 
2022-05-29 15:00:40.068 DEBUG [acme.framework.controllers.AbstractController@http-nio-8080-exec-2] Command: list 
2022-05-29 15:00:40.068 DEBUG [acme.framework.controllers.AbstractController@http-nio-8080-exec-2] Model:   {} 
2022-05-29 15:00:40.068 DEBUG [acme.framework.controllers.AbstractController@http-nio-8080-exec-2] Locale:  en 
2022-05-29 15:00:40.068 DEBUG [acme.framework.controllers.AbstractController@http-nio-8080-exec-2] Starting transaction 6fd220a5-a1cc-45a4-acce-31ec8dc75c25 
2022-05-29 15:00:40.069 DEBUG [org.hibernate.SQL@http-nio-8080-exec-2] select chimpum0_.id as id1_0_, chimpum0_.version as version2_0_, chimpum0_.budget_amount as budget_a1_7_, chimpum0_.budget_currency as budget_c2_7_, chimpum0_.creation_moment as creation3_7_, chimpum0_.description as descript4_7_, chimpum0_.finish_date as finish_d5_7_, chimpum0_.link as link6_7_, chimpum0_.pattern as pattern7_7_, chimpum0_.start_date as start_da8_7_, chimpum0_.title as title9_7_ from chimpum chimpum0_ 
2022-05-29 15:00:40.071 DEBUG [acme.framework.controllers.AbstractController@http-nio-8080-exec-2] Committing transaction 6fd220a5-a1cc-45a4-acce-31ec8dc75c25 
2022-05-29 15:00:40.073 DEBUG [acme.framework.controllers.AbstractController@http-nio-8080-exec-2] Starting transaction 67165cd6-73c8-40bd-9d32-7fffbe60f6b8 
2022-05-29 15:00:40.074 DEBUG [acme.framework.controllers.AbstractController@http-nio-8080-exec-2] Committing transaction 67165cd6-73c8-40bd-9d32-7fffbe60f6b8 
2022-05-29 15:00:40.075 DEBUG [acme.framework.controllers.AbstractController@http-nio-8080-exec-2] SERVING GET /acme-toolkits-22.7/patron/chimpum/list 
2022-05-29 15:00:40.078 DEBUG [acme.framework.controllers.AbstractController@http-nio-8080-exec-2] Result: ModelAndView [view="patron/chimpum/list"; model={link[1]=https://www.google.com, description[1]=Is Amazing at best yeah, link[0]=https://www.google.com, pattern[0]=19/05/2022-1, title[1]=Amazing CHIMPUM 2, description[0]=Is Amazing at best, version[1]=0, pattern[1]=29/05/2022-1, finishDate[0]=2022-07-01 12:00:00.0, finishDate[1]=2022-07-01 12:00:00.0, list$size=2, budget[0]=<<EUR 60.00>>, budget[1]=<<EUR 200.00>>, startDate[1]=2022-06-20 12:00:00.0, version[0]=0, title[0]=Amazing CHIMPUM, id[1]=23, id[0]=22, startDate[0]=2022-06-20 12:00:00.0, command=list, principal=acme.framework.entities.Principal@4c1c5e26}] 
2022-05-29 15:00:40.078 DEBUG [acme.framework.components.tiles.DynamicTilesView@http-nio-8080-exec-2] View name 'patron/chimpum/list', model {link[1]=https://www.google.com, description[1]=Is Amazing at best yeah, link[0]=https://www.google.com, pattern[0]=19/05/2022-1, title[1]=Amazing CHIMPUM 2, description[0]=Is Amazing at best, version[1]=0, pattern[1]=29/05/2022-1, finishDate[0]=2022-07-01 12:00:00.0, finishDate[1]=2022-07-01 12:00:00.0, list$size=2, budget[0]=<<EUR 60.00>>, budget[1]=<<EUR 200.00>>, startDate[1]=2022-06-20 12:00:00.0, version[0]=0, title[0]=Amazing CHIMPUM, id[1]=23, id[0]=22, startDate[0]=2022-06-20 12:00:00.0, command=list, principal=acme.framework.entities.Principal@4c1c5e26, org.springframework.validation.BindingResult.budget[0]=org.springframework.validation.BeanPropertyBindingResult: 0 errors, org.springframework.validation.BindingResult.budget[1]=org.springframework.validation.BeanPropertyBindingResult: 0 errors, org.springframework.validation.BindingResult.principal=org.springframework.validation.BeanPropertyBindingResult: 0 errors} 
2022-05-29 15:00:40.081 DEBUG [org.apache.jasper.servlet.JspServlet@http-nio-8080-exec-2] JspEngine --> /WEB-INF/views/master/page.jsp 
2022-05-29 15:00:40.081 DEBUG [org.apache.jasper.servlet.JspServlet@http-nio-8080-exec-2] ServletPath: /WEB-INF/views/master/page.jsp 
2022-05-29 15:00:40.081 DEBUG [org.apache.jasper.servlet.JspServlet@http-nio-8080-exec-2] PathInfo: null 
2022-05-29 15:00:40.082 DEBUG [org.apache.jasper.servlet.JspServlet@http-nio-8080-exec-2] RealPath: C:\Users\Pablo Marín Gómez\git\Acme-Toolkits-Control-Check\target\classes\WEB-INF\views\master\page.jsp 
2022-05-29 15:00:40.082 DEBUG [org.apache.jasper.servlet.JspServlet@http-nio-8080-exec-2] RequestURI: /acme-toolkits-22.7/WEB-INF/views/master/page.jsp 
2022-05-29 15:00:40.082 DEBUG [org.apache.jasper.servlet.JspServlet@http-nio-8080-exec-2] QueryString: null 
2022-05-29 15:00:40.264 DEBUG [org.apache.jasper.servlet.JspServlet@http-nio-8080-exec-2] JspEngine --> /WEB-INF/views/patron/chimpum/list.jsp 
2022-05-29 15:00:40.264 DEBUG [org.apache.jasper.servlet.JspServlet@http-nio-8080-exec-2] ServletPath: /WEB-INF/views/master/page.jsp 
2022-05-29 15:00:40.264 DEBUG [org.apache.jasper.servlet.JspServlet@http-nio-8080-exec-2] PathInfo: null 
2022-05-29 15:00:40.264 DEBUG [org.apache.jasper.servlet.JspServlet@http-nio-8080-exec-2] RealPath: C:\Users\Pablo Marín Gómez\git\Acme-Toolkits-Control-Check\target\classes\WEB-INF\views\patron\chimpum\list.jsp 
2022-05-29 15:00:40.266 DEBUG [org.apache.jasper.servlet.JspServlet@http-nio-8080-exec-2] RequestURI: /acme-toolkits-22.7/WEB-INF/views/master/page.jsp 
2022-05-29 15:00:40.266 DEBUG [org.apache.jasper.servlet.JspServlet@http-nio-8080-exec-2] QueryString: null 
2022-05-29 15:00:41.874 DEBUG [acme.framework.controllers.AbstractController@http-nio-8080-exec-6] DISPATCHING GET /acme-toolkits-22.7/patron/chimpum/show 
2022-05-29 15:00:41.874 DEBUG [acme.framework.controllers.AbstractController@http-nio-8080-exec-6] Command: show 
2022-05-29 15:00:41.874 DEBUG [acme.framework.controllers.AbstractController@http-nio-8080-exec-6] Model:   {id=23} 
2022-05-29 15:00:41.874 DEBUG [acme.framework.controllers.AbstractController@http-nio-8080-exec-6] Locale:  en 
2022-05-29 15:00:41.876 DEBUG [acme.framework.controllers.AbstractController@http-nio-8080-exec-6] Starting transaction d5f81f31-39a4-4618-b741-fa7a5e271411 
2022-05-29 15:00:41.877 DEBUG [org.hibernate.SQL@http-nio-8080-exec-6] select chimpum0_.id as id1_0_, chimpum0_.version as version2_0_, chimpum0_.budget_amount as budget_a1_7_, chimpum0_.budget_currency as budget_c2_7_, chimpum0_.creation_moment as creation3_7_, chimpum0_.description as descript4_7_, chimpum0_.finish_date as finish_d5_7_, chimpum0_.link as link6_7_, chimpum0_.pattern as pattern7_7_, chimpum0_.start_date as start_da8_7_, chimpum0_.title as title9_7_ from chimpum chimpum0_ where chimpum0_.id=? 
2022-05-29 15:00:41.878 TRACE [org.hibernate.type.descriptor.sql.BasicBinder@http-nio-8080-exec-6] binding parameter [1] as [INTEGER] - [23] 
2022-05-29 15:00:41.880 DEBUG [acme.framework.controllers.AbstractController@http-nio-8080-exec-6] Committing transaction d5f81f31-39a4-4618-b741-fa7a5e271411 
2022-05-29 15:00:41.882 DEBUG [acme.framework.controllers.AbstractController@http-nio-8080-exec-6] Starting transaction 685b7166-f03c-4537-9be7-d67ee467a1ce 
2022-05-29 15:00:41.883 DEBUG [acme.framework.controllers.AbstractController@http-nio-8080-exec-6] Committing transaction 685b7166-f03c-4537-9be7-d67ee467a1ce 
2022-05-29 15:00:41.884 DEBUG [acme.framework.controllers.AbstractController@http-nio-8080-exec-6] SERVING GET /acme-toolkits-22.7/patron/chimpum/show 
2022-05-29 15:00:41.885 DEBUG [acme.framework.controllers.AbstractController@http-nio-8080-exec-6] Result: ModelAndView [view="patron/chimpum/form"; model={creationMoment=2022-05-20 12:00:00.0, pattern=29/05/2022-1, link=https://www.google.com, description=Is Amazing at best yeah, finishDate=2022-07-01 12:00:00.0, id=23, title=Amazing CHIMPUM 2, version=0, startDate=2022-06-20 12:00:00.0, budget=<<EUR 200.00>>, command=show, principal=acme.framework.entities.Principal@4c1c5e26}] 
2022-05-29 15:00:41.885 DEBUG [acme.framework.components.tiles.DynamicTilesView@http-nio-8080-exec-6] View name 'patron/chimpum/form', model {creationMoment=2022-05-20 12:00:00.0, pattern=29/05/2022-1, link=https://www.google.com, description=Is Amazing at best yeah, finishDate=2022-07-01 12:00:00.0, id=23, title=Amazing CHIMPUM 2, version=0, startDate=2022-06-20 12:00:00.0, budget=<<EUR 200.00>>, command=show, principal=acme.framework.entities.Principal@4c1c5e26, org.springframework.validation.BindingResult.budget=org.springframework.validation.BeanPropertyBindingResult: 0 errors, org.springframework.validation.BindingResult.principal=org.springframework.validation.BeanPropertyBindingResult: 0 errors} 
2022-05-29 15:00:41.887 DEBUG [org.apache.jasper.servlet.JspServlet@http-nio-8080-exec-6] JspEngine --> /WEB-INF/views/master/page.jsp 
2022-05-29 15:00:41.887 DEBUG [org.apache.jasper.servlet.JspServlet@http-nio-8080-exec-6] ServletPath: /WEB-INF/views/master/page.jsp 
2022-05-29 15:00:41.887 DEBUG [org.apache.jasper.servlet.JspServlet@http-nio-8080-exec-6] PathInfo: null 
2022-05-29 15:00:41.887 DEBUG [org.apache.jasper.servlet.JspServlet@http-nio-8080-exec-6] RealPath: C:\Users\Pablo Marín Gómez\git\Acme-Toolkits-Control-Check\target\classes\WEB-INF\views\master\page.jsp 
2022-05-29 15:00:41.888 DEBUG [org.apache.jasper.servlet.JspServlet@http-nio-8080-exec-6] RequestURI: /acme-toolkits-22.7/WEB-INF/views/master/page.jsp 
2022-05-29 15:00:41.888 DEBUG [org.apache.jasper.servlet.JspServlet@http-nio-8080-exec-6] QueryString: id=23 
2022-05-29 15:00:42.076 DEBUG [org.apache.jasper.servlet.JspServlet@http-nio-8080-exec-6] JspEngine --> /WEB-INF/views/patron/chimpum/form.jsp 
2022-05-29 15:00:42.076 DEBUG [org.apache.jasper.servlet.JspServlet@http-nio-8080-exec-6] ServletPath: /WEB-INF/views/master/page.jsp 
2022-05-29 15:00:42.076 DEBUG [org.apache.jasper.servlet.JspServlet@http-nio-8080-exec-6] PathInfo: null 
2022-05-29 15:00:42.077 DEBUG [org.apache.jasper.servlet.JspServlet@http-nio-8080-exec-6] RealPath: C:\Users\Pablo Marín Gómez\git\Acme-Toolkits-Control-Check\target\classes\WEB-INF\views\patron\chimpum\form.jsp 
2022-05-29 15:00:42.077 DEBUG [org.apache.jasper.servlet.JspServlet@http-nio-8080-exec-6] RequestURI: /acme-toolkits-22.7/WEB-INF/views/master/page.jsp 
2022-05-29 15:00:42.078 DEBUG [org.apache.jasper.servlet.JspServlet@http-nio-8080-exec-6] QueryString: id=23 
2022-05-29 15:00:44.048 DEBUG [acme.framework.controllers.AbstractController@http-nio-8080-exec-9] DISPATCHING GET /acme-toolkits-22.7/patron/chimpum/list 
2022-05-29 15:00:44.048 DEBUG [acme.framework.controllers.AbstractController@http-nio-8080-exec-9] Command: list 
2022-05-29 15:00:44.048 DEBUG [acme.framework.controllers.AbstractController@http-nio-8080-exec-9] Model:   {} 
2022-05-29 15:00:44.048 DEBUG [acme.framework.controllers.AbstractController@http-nio-8080-exec-9] Locale:  en 
2022-05-29 15:00:44.048 DEBUG [acme.framework.controllers.AbstractController@http-nio-8080-exec-9] Starting transaction 399347ff-4a23-44df-b2fe-18797c340f1b 
2022-05-29 15:00:44.050 DEBUG [org.hibernate.SQL@http-nio-8080-exec-9] select chimpum0_.id as id1_0_, chimpum0_.version as version2_0_, chimpum0_.budget_amount as budget_a1_7_, chimpum0_.budget_currency as budget_c2_7_, chimpum0_.creation_moment as creation3_7_, chimpum0_.description as descript4_7_, chimpum0_.finish_date as finish_d5_7_, chimpum0_.link as link6_7_, chimpum0_.pattern as pattern7_7_, chimpum0_.start_date as start_da8_7_, chimpum0_.title as title9_7_ from chimpum chimpum0_ 
2022-05-29 15:00:44.053 DEBUG [acme.framework.controllers.AbstractController@http-nio-8080-exec-9] Committing transaction 399347ff-4a23-44df-b2fe-18797c340f1b 
2022-05-29 15:00:44.056 DEBUG [acme.framework.controllers.AbstractController@http-nio-8080-exec-9] Starting transaction 1d3bc4a6-2312-4966-8cf7-d11bf48a6c7a 
2022-05-29 15:00:44.057 DEBUG [acme.framework.controllers.AbstractController@http-nio-8080-exec-9] Committing transaction 1d3bc4a6-2312-4966-8cf7-d11bf48a6c7a 
2022-05-29 15:00:44.058 DEBUG [acme.framework.controllers.AbstractController@http-nio-8080-exec-9] SERVING GET /acme-toolkits-22.7/patron/chimpum/list 
2022-05-29 15:00:44.058 DEBUG [acme.framework.controllers.AbstractController@http-nio-8080-exec-9] Result: ModelAndView [view="patron/chimpum/list"; model={link[1]=https://www.google.com, description[1]=Is Amazing at best yeah, link[0]=https://www.google.com, pattern[0]=19/05/2022-1, title[1]=Amazing CHIMPUM 2, description[0]=Is Amazing at best, version[1]=0, pattern[1]=29/05/2022-1, finishDate[0]=2022-07-01 12:00:00.0, finishDate[1]=2022-07-01 12:00:00.0, list$size=2, budget[0]=<<EUR 60.00>>, budget[1]=<<EUR 200.00>>, startDate[1]=2022-06-20 12:00:00.0, version[0]=0, title[0]=Amazing CHIMPUM, id[1]=23, id[0]=22, startDate[0]=2022-06-20 12:00:00.0, command=list, principal=acme.framework.entities.Principal@4c1c5e26}] 
2022-05-29 15:00:44.059 DEBUG [acme.framework.components.tiles.DynamicTilesView@http-nio-8080-exec-9] View name 'patron/chimpum/list', model {link[1]=https://www.google.com, description[1]=Is Amazing at best yeah, link[0]=https://www.google.com, pattern[0]=19/05/2022-1, title[1]=Amazing CHIMPUM 2, description[0]=Is Amazing at best, version[1]=0, pattern[1]=29/05/2022-1, finishDate[0]=2022-07-01 12:00:00.0, finishDate[1]=2022-07-01 12:00:00.0, list$size=2, budget[0]=<<EUR 60.00>>, budget[1]=<<EUR 200.00>>, startDate[1]=2022-06-20 12:00:00.0, version[0]=0, title[0]=Amazing CHIMPUM, id[1]=23, id[0]=22, startDate[0]=2022-06-20 12:00:00.0, command=list, principal=acme.framework.entities.Principal@4c1c5e26, org.springframework.validation.BindingResult.budget[0]=org.springframework.validation.BeanPropertyBindingResult: 0 errors, org.springframework.validation.BindingResult.budget[1]=org.springframework.validation.BeanPropertyBindingResult: 0 errors, org.springframework.validation.BindingResult.principal=org.springframework.validation.BeanPropertyBindingResult: 0 errors} 
2022-05-29 15:00:44.062 DEBUG [org.apache.jasper.servlet.JspServlet@http-nio-8080-exec-9] JspEngine --> /WEB-INF/views/master/page.jsp 
2022-05-29 15:00:44.062 DEBUG [org.apache.jasper.servlet.JspServlet@http-nio-8080-exec-9] ServletPath: /WEB-INF/views/master/page.jsp 
2022-05-29 15:00:44.062 DEBUG [org.apache.jasper.servlet.JspServlet@http-nio-8080-exec-9] PathInfo: null 
2022-05-29 15:00:44.062 DEBUG [org.apache.jasper.servlet.JspServlet@http-nio-8080-exec-9] RealPath: C:\Users\Pablo Marín Gómez\git\Acme-Toolkits-Control-Check\target\classes\WEB-INF\views\master\page.jsp 
2022-05-29 15:00:44.063 DEBUG [org.apache.jasper.servlet.JspServlet@http-nio-8080-exec-9] RequestURI: /acme-toolkits-22.7/WEB-INF/views/master/page.jsp 
2022-05-29 15:00:44.063 DEBUG [org.apache.jasper.servlet.JspServlet@http-nio-8080-exec-9] QueryString: null 
2022-05-29 15:00:44.260 DEBUG [org.apache.jasper.servlet.JspServlet@http-nio-8080-exec-9] JspEngine --> /WEB-INF/views/patron/chimpum/list.jsp 
2022-05-29 15:00:44.260 DEBUG [org.apache.jasper.servlet.JspServlet@http-nio-8080-exec-9] ServletPath: /WEB-INF/views/master/page.jsp 
2022-05-29 15:00:44.260 DEBUG [org.apache.jasper.servlet.JspServlet@http-nio-8080-exec-9] PathInfo: null 
2022-05-29 15:00:44.261 DEBUG [org.apache.jasper.servlet.JspServlet@http-nio-8080-exec-9] RealPath: C:\Users\Pablo Marín Gómez\git\Acme-Toolkits-Control-Check\target\classes\WEB-INF\views\patron\chimpum\list.jsp 
2022-05-29 15:00:44.261 DEBUG [org.apache.jasper.servlet.JspServlet@http-nio-8080-exec-9] RequestURI: /acme-toolkits-22.7/WEB-INF/views/master/page.jsp 
2022-05-29 15:00:44.262 DEBUG [org.apache.jasper.servlet.JspServlet@http-nio-8080-exec-9] QueryString: null 
